<?xml version="1.0" encoding="utf-8" standalone="yes"?>
<CoverageSession xmlns:xsd="http://www.w3.org/2001/XMLSchema" xmlns:xsi="http://www.w3.org/2001/XMLSchema-instance">
  <Summary numSequencePoints="421" visitedSequencePoints="0" numBranchPoints="147" visitedBranchPoints="0" sequenceCoverage="0" branchCoverage="0" maxCyclomaticComplexity="18" minCyclomaticComplexity="1" visitedClasses="0" numClasses="6" visitedMethods="0" numMethods="81" minCrapScore="0" maxCrapScore="0" />
  <Modules>
    <Module skippedDueTo="Filter" hash="AB-51-87-D9-EA-B7-62-25-F7-5B-CB-F6-0B-04-8D-E1-52-75-6F-37">
      <ModulePath>C:\Git2017\InputSimulatorStandard\InputSimulatorStandard.Tests\bin\Debug\net472\xunit.runner.utility.net452.dll</ModulePath>
      <ModuleTime>2018-10-29T03:17:14Z</ModuleTime>
      <ModuleName>xunit.runner.utility.net452</ModuleName>
      <Classes />
    </Module>
    <Module skippedDueTo="Filter" hash="EC-C0-2D-AD-FC-F0-70-BA-BC-F3-D2-B5-83-9B-3E-CD-9E-91-10-AA">
      <ModulePath>C:\Git2017\InputSimulatorStandard\InputSimulatorStandard.Tests\bin\Debug\net472\xunit.core.dll</ModulePath>
      <ModuleTime>2018-10-29T03:16:58Z</ModuleTime>
      <ModuleName>xunit.core</ModuleName>
      <Classes />
    </Module>
    <Module skippedDueTo="Filter" hash="B8-F5-F3-D5-06-36-35-76-5B-E0-BE-AB-80-32-9A-0C-1D-A8-76-19">
      <ModulePath>C:\Git2017\InputSimulatorStandard\InputSimulatorStandard.Tests\bin\Debug\net472\xunit.assert.dll</ModulePath>
      <ModuleTime>2018-10-29T03:16:52Z</ModuleTime>
      <ModuleName>xunit.assert</ModuleName>
      <Classes />
    </Module>
    <Module hash="4B-16-1C-B7-E7-C5-44-47-CC-58-B6-85-8D-E8-45-74-60-05-60-38">
      <Summary numSequencePoints="421" visitedSequencePoints="0" numBranchPoints="147" visitedBranchPoints="0" sequenceCoverage="0" branchCoverage="0" maxCyclomaticComplexity="18" minCyclomaticComplexity="1" visitedClasses="0" numClasses="6" visitedMethods="0" numMethods="81" minCrapScore="0" maxCrapScore="0" />
      <ModulePath>C:\Git2017\InputSimulatorStandard\InputSimulatorStandard.Tests\bin\Debug\net472\InputSimulatorStandard.dll</ModulePath>
      <ModuleTime>2018-12-31T16:27:08.1129616Z</ModuleTime>
      <ModuleName>InputSimulatorStandard</ModuleName>
      <Files>
        <File uid="1" fullPath="C:\Git2017\InputSimulatorStandard\InputSimulatorStandard\InputBuilder.cs" />
        <File uid="2" fullPath="C:\Git2017\InputSimulatorStandard\InputSimulatorStandard\InputSimulator.cs" />
        <File uid="3" fullPath="C:\Git2017\InputSimulatorStandard\InputSimulatorStandard\KeyboardSimulator.cs" />
        <File uid="4" fullPath="C:\Git2017\InputSimulatorStandard\InputSimulatorStandard\MouseSimulator.cs" />
        <File uid="5" fullPath="C:\Git2017\InputSimulatorStandard\InputSimulatorStandard\WindowsInputDeviceStateAdapter.cs" />
        <File uid="6" fullPath="C:\Git2017\InputSimulatorStandard\InputSimulatorStandard\WindowsInputMessageDispatcher.cs" />
      </Files>
      <Classes>
        <Class>
          <Summary numSequencePoints="0" visitedSequencePoints="0" numBranchPoints="0" visitedBranchPoints="0" sequenceCoverage="0" branchCoverage="0" maxCyclomaticComplexity="0" minCyclomaticComplexity="0" visitedClasses="0" numClasses="0" visitedMethods="0" numMethods="0" minCrapScore="0" maxCrapScore="0" />
          <FullName>&lt;Module&gt;</FullName>
          <Methods />
        </Class>
        <Class>
          <Summary numSequencePoints="0" visitedSequencePoints="0" numBranchPoints="0" visitedBranchPoints="0" sequenceCoverage="0" branchCoverage="0" maxCyclomaticComplexity="0" minCyclomaticComplexity="0" visitedClasses="0" numClasses="0" visitedMethods="0" numMethods="0" minCrapScore="0" maxCrapScore="0" />
          <FullName>InputSimulatorStandard.IInputDeviceStateAdapter</FullName>
          <Methods />
        </Class>
        <Class>
          <Summary numSequencePoints="0" visitedSequencePoints="0" numBranchPoints="0" visitedBranchPoints="0" sequenceCoverage="0" branchCoverage="0" maxCyclomaticComplexity="0" minCyclomaticComplexity="0" visitedClasses="0" numClasses="0" visitedMethods="0" numMethods="0" minCrapScore="0" maxCrapScore="0" />
          <FullName>InputSimulatorStandard.IInputMessageDispatcher</FullName>
          <Methods />
        </Class>
        <Class>
          <Summary numSequencePoints="0" visitedSequencePoints="0" numBranchPoints="0" visitedBranchPoints="0" sequenceCoverage="0" branchCoverage="0" maxCyclomaticComplexity="0" minCyclomaticComplexity="0" visitedClasses="0" numClasses="0" visitedMethods="0" numMethods="0" minCrapScore="0" maxCrapScore="0" />
          <FullName>InputSimulatorStandard.IInputSimulator</FullName>
          <Methods />
        </Class>
        <Class>
          <Summary numSequencePoints="0" visitedSequencePoints="0" numBranchPoints="0" visitedBranchPoints="0" sequenceCoverage="0" branchCoverage="0" maxCyclomaticComplexity="0" minCyclomaticComplexity="0" visitedClasses="0" numClasses="0" visitedMethods="0" numMethods="0" minCrapScore="0" maxCrapScore="0" />
          <FullName>InputSimulatorStandard.IKeyboardSimulator</FullName>
          <Methods />
        </Class>
        <Class>
          <Summary numSequencePoints="0" visitedSequencePoints="0" numBranchPoints="0" visitedBranchPoints="0" sequenceCoverage="0" branchCoverage="0" maxCyclomaticComplexity="0" minCyclomaticComplexity="0" visitedClasses="0" numClasses="0" visitedMethods="0" numMethods="0" minCrapScore="0" maxCrapScore="0" />
          <FullName>InputSimulatorStandard.IMouseSimulator</FullName>
          <Methods />
        </Class>
        <Class>
          <Summary numSequencePoints="148" visitedSequencePoints="0" numBranchPoints="73" visitedBranchPoints="0" sequenceCoverage="0" branchCoverage="0" maxCyclomaticComplexity="18" minCyclomaticComplexity="1" visitedClasses="0" numClasses="1" visitedMethods="0" numMethods="27" minCrapScore="0" maxCrapScore="0" />
          <FullName>InputSimulatorStandard.InputBuilder</FullName>
          <Methods>
            <Method visited="false" cyclomaticComplexity="1" nPathComplexity="0" sequenceCoverage="0" branchCoverage="0" isConstructor="true" isStatic="false" isGetter="false" isSetter="false" crapScore="0">
              <Summary numSequencePoints="4" visitedSequencePoints="0" numBranchPoints="1" visitedBranchPoints="0" sequenceCoverage="0" branchCoverage="0" maxCyclomaticComplexity="1" minCyclomaticComplexity="1" visitedClasses="0" numClasses="0" visitedMethods="0" numMethods="1" minCrapScore="0" maxCrapScore="0" />
              <MetadataToken>100663345</MetadataToken>
              <Name>System.Void InputSimulatorStandard.InputBuilder::.ctor()</Name>
              <FileRef uid="1" />
              <SequencePoints>
                <SequencePoint vc="0" uspid="3" ordinal="0" offset="0" sl="23" sc="9" el="23" ec="30" bec="0" bev="0" fileid="1" />
                <SequencePoint vc="0" uspid="2" ordinal="1" offset="7" sl="24" sc="9" el="24" ec="10" bec="0" bev="0" fileid="1" />
                <SequencePoint vc="0" uspid="1" ordinal="2" offset="8" sl="25" sc="13" el="25" ec="48" bec="0" bev="0" fileid="1" />
                <SequencePoint vc="0" uspid="0" ordinal="3" offset="19" sl="26" sc="9" el="26" ec="10" bec="0" bev="0" fileid="1" />
              </SequencePoints>
              <BranchPoints />
              <MethodPoint />
            </Method>
            <Method visited="false" cyclomaticComplexity="1" nPathComplexity="0" sequenceCoverage="0" branchCoverage="0" isConstructor="false" isStatic="false" isGetter="false" isSetter="false" crapScore="0">
              <Summary numSequencePoints="3" visitedSequencePoints="0" numBranchPoints="1" visitedBranchPoints="0" sequenceCoverage="0" branchCoverage="0" maxCyclomaticComplexity="1" minCyclomaticComplexity="1" visitedClasses="0" numClasses="0" visitedMethods="0" numMethods="1" minCrapScore="0" maxCrapScore="0" />
              <MetadataToken>100663346</MetadataToken>
              <Name>InputSimulatorStandard.Native.Input[] InputSimulatorStandard.InputBuilder::ToArray()</Name>
              <FileRef uid="1" />
              <SequencePoints>
                <SequencePoint vc="0" uspid="6" ordinal="0" offset="0" sl="33" sc="9" el="33" ec="10" bec="0" bev="0" fileid="1" />
                <SequencePoint vc="0" uspid="5" ordinal="1" offset="1" sl="34" sc="13" el="34" ec="45" bec="0" bev="0" fileid="1" />
                <SequencePoint vc="0" uspid="4" ordinal="2" offset="15" sl="35" sc="9" el="35" ec="10" bec="0" bev="0" fileid="1" />
              </SequencePoints>
              <BranchPoints />
              <MethodPoint />
            </Method>
            <Method visited="false" cyclomaticComplexity="1" nPathComplexity="0" sequenceCoverage="0" branchCoverage="0" isConstructor="false" isStatic="false" isGetter="false" isSetter="false" crapScore="0">
              <Summary numSequencePoints="3" visitedSequencePoints="0" numBranchPoints="1" visitedBranchPoints="0" sequenceCoverage="0" branchCoverage="0" maxCyclomaticComplexity="1" minCyclomaticComplexity="1" visitedClasses="0" numClasses="0" visitedMethods="0" numMethods="1" minCrapScore="0" maxCrapScore="0" />
              <MetadataToken>100663347</MetadataToken>
              <Name>System.Collections.Generic.IEnumerator`1&lt;InputSimulatorStandard.Native.Input&gt; InputSimulatorStandard.InputBuilder::GetEnumerator()</Name>
              <FileRef uid="1" />
              <SequencePoints>
                <SequencePoint vc="0" uspid="9" ordinal="0" offset="0" sl="46" sc="9" el="46" ec="10" bec="0" bev="0" fileid="1" />
                <SequencePoint vc="0" uspid="8" ordinal="1" offset="1" sl="47" sc="13" el="47" ec="51" bec="0" bev="0" fileid="1" />
                <SequencePoint vc="0" uspid="7" ordinal="2" offset="20" sl="48" sc="9" el="48" ec="10" bec="0" bev="0" fileid="1" />
              </SequencePoints>
              <BranchPoints />
              <MethodPoint />
            </Method>
            <Method visited="false" cyclomaticComplexity="1" nPathComplexity="0" sequenceCoverage="0" branchCoverage="0" isConstructor="false" isStatic="false" isGetter="false" isSetter="false" crapScore="0">
              <Summary numSequencePoints="3" visitedSequencePoints="0" numBranchPoints="1" visitedBranchPoints="0" sequenceCoverage="0" branchCoverage="0" maxCyclomaticComplexity="1" minCyclomaticComplexity="1" visitedClasses="0" numClasses="0" visitedMethods="0" numMethods="1" minCrapScore="0" maxCrapScore="0" />
              <MetadataToken>100663348</MetadataToken>
              <Name>System.Collections.IEnumerator InputSimulatorStandard.InputBuilder::System.Collections.IEnumerable.GetEnumerator()</Name>
              <FileRef uid="1" />
              <SequencePoints>
                <SequencePoint vc="0" uspid="12" ordinal="0" offset="0" sl="59" sc="9" el="59" ec="10" bec="0" bev="0" fileid="1" />
                <SequencePoint vc="0" uspid="11" ordinal="1" offset="1" sl="60" sc="13" el="60" ec="41" bec="0" bev="0" fileid="1" />
                <SequencePoint vc="0" uspid="10" ordinal="2" offset="10" sl="61" sc="9" el="61" ec="10" bec="0" bev="0" fileid="1" />
              </SequencePoints>
              <BranchPoints />
              <MethodPoint />
            </Method>
            <Method visited="false" cyclomaticComplexity="1" nPathComplexity="0" sequenceCoverage="0" branchCoverage="0" isConstructor="false" isStatic="false" isGetter="true" isSetter="false" crapScore="0">
              <Summary numSequencePoints="1" visitedSequencePoints="0" numBranchPoints="1" visitedBranchPoints="0" sequenceCoverage="0" branchCoverage="0" maxCyclomaticComplexity="1" minCyclomaticComplexity="1" visitedClasses="0" numClasses="0" visitedMethods="0" numMethods="1" minCrapScore="0" maxCrapScore="0" />
              <MetadataToken>100663349</MetadataToken>
              <Name>InputSimulatorStandard.Native.Input InputSimulatorStandard.InputBuilder::get_Item(System.Int32)</Name>
              <FileRef uid="1" />
              <SequencePoints>
                <SequencePoint vc="0" uspid="13" ordinal="0" offset="0" sl="67" sc="44" el="67" ec="68" bec="0" bev="0" fileid="1" />
              </SequencePoints>
              <BranchPoints />
              <MethodPoint />
            </Method>
            <Method visited="false" cyclomaticComplexity="18" nPathComplexity="34" sequenceCoverage="0" branchCoverage="0" isConstructor="false" isStatic="true" isGetter="false" isSetter="false" crapScore="0">
              <Summary numSequencePoints="3" visitedSequencePoints="0" numBranchPoints="35" visitedBranchPoints="0" sequenceCoverage="0" branchCoverage="0" maxCyclomaticComplexity="18" minCyclomaticComplexity="18" visitedClasses="0" numClasses="0" visitedMethods="0" numMethods="1" minCrapScore="0" maxCrapScore="0" />
              <MetadataToken>100663350</MetadataToken>
              <Name>System.Boolean InputSimulatorStandard.InputBuilder::IsExtendedKey(InputSimulatorStandard.Native.VirtualKeyCode)</Name>
              <FileRef uid="1" />
              <SequencePoints>
                <SequencePoint vc="0" uspid="16" ordinal="0" offset="0" sl="80" sc="9" el="80" ec="10" bec="0" bev="0" fileid="1" />
                <SequencePoint vc="0" uspid="15" ordinal="1" offset="1" sl="81" sc="13" el="98" ec="53" bec="34" bev="0" fileid="1" />
                <SequencePoint vc="0" uspid="14" ordinal="2" offset="105" sl="99" sc="9" el="99" ec="10" bec="0" bev="0" fileid="1" />
              </SequencePoints>
              <BranchPoints>
                <BranchPoint vc="0" uspid="0" ordinal="0" offset="4" sl="81" path="0" offsetend="6" fileid="1" />
                <BranchPoint vc="0" uspid="1" ordinal="1" offset="4" sl="81" path="1" offsetchain="101" offsetend="105" fileid="1" />
                <BranchPoint vc="0" uspid="2" ordinal="2" offset="12" sl="81" path="0" offsetend="14" fileid="1" />
                <BranchPoint vc="0" uspid="3" ordinal="3" offset="12" sl="81" path="1" offsetchain="101" offsetend="105" fileid="1" />
                <BranchPoint vc="0" uspid="4" ordinal="4" offset="17" sl="81" path="0" offsetend="19" fileid="1" />
                <BranchPoint vc="0" uspid="5" ordinal="5" offset="17" sl="81" path="1" offsetchain="101" offsetend="105" fileid="1" />
                <BranchPoint vc="0" uspid="6" ordinal="6" offset="25" sl="81" path="0" offsetend="27" fileid="1" />
                <BranchPoint vc="0" uspid="7" ordinal="7" offset="25" sl="81" path="1" offsetchain="101" offsetend="105" fileid="1" />
                <BranchPoint vc="0" uspid="8" ordinal="8" offset="30" sl="81" path="0" offsetend="32" fileid="1" />
                <BranchPoint vc="0" uspid="9" ordinal="9" offset="30" sl="81" path="1" offsetchain="101" offsetend="105" fileid="1" />
                <BranchPoint vc="0" uspid="10" ordinal="10" offset="35" sl="81" path="0" offsetend="37" fileid="1" />
                <BranchPoint vc="0" uspid="11" ordinal="11" offset="35" sl="81" path="1" offsetchain="101" offsetend="105" fileid="1" />
                <BranchPoint vc="0" uspid="12" ordinal="12" offset="40" sl="81" path="0" offsetend="42" fileid="1" />
                <BranchPoint vc="0" uspid="13" ordinal="13" offset="40" sl="81" path="1" offsetchain="101" offsetend="105" fileid="1" />
                <BranchPoint vc="0" uspid="14" ordinal="14" offset="45" sl="81" path="0" offsetend="47" fileid="1" />
                <BranchPoint vc="0" uspid="15" ordinal="15" offset="45" sl="81" path="1" offsetchain="101" offsetend="105" fileid="1" />
                <BranchPoint vc="0" uspid="16" ordinal="16" offset="50" sl="81" path="0" offsetend="52" fileid="1" />
                <BranchPoint vc="0" uspid="17" ordinal="17" offset="50" sl="81" path="1" offsetchain="101" offsetend="105" fileid="1" />
                <BranchPoint vc="0" uspid="18" ordinal="18" offset="55" sl="81" path="0" offsetend="57" fileid="1" />
                <BranchPoint vc="0" uspid="19" ordinal="19" offset="55" sl="81" path="1" offsetchain="101" offsetend="105" fileid="1" />
                <BranchPoint vc="0" uspid="20" ordinal="20" offset="60" sl="81" path="0" offsetend="62" fileid="1" />
                <BranchPoint vc="0" uspid="21" ordinal="21" offset="60" sl="81" path="1" offsetchain="101" offsetend="105" fileid="1" />
                <BranchPoint vc="0" uspid="22" ordinal="22" offset="65" sl="81" path="0" offsetend="67" fileid="1" />
                <BranchPoint vc="0" uspid="23" ordinal="23" offset="65" sl="81" path="1" offsetchain="101" offsetend="105" fileid="1" />
                <BranchPoint vc="0" uspid="24" ordinal="24" offset="70" sl="81" path="0" offsetend="72" fileid="1" />
                <BranchPoint vc="0" uspid="25" ordinal="25" offset="70" sl="81" path="1" offsetchain="101" offsetend="105" fileid="1" />
                <BranchPoint vc="0" uspid="26" ordinal="26" offset="75" sl="81" path="0" offsetend="77" fileid="1" />
                <BranchPoint vc="0" uspid="27" ordinal="27" offset="75" sl="81" path="1" offsetchain="101" offsetend="105" fileid="1" />
                <BranchPoint vc="0" uspid="28" ordinal="28" offset="83" sl="81" path="0" offsetend="85" fileid="1" />
                <BranchPoint vc="0" uspid="29" ordinal="29" offset="83" sl="81" path="1" offsetchain="101" offsetend="105" fileid="1" />
                <BranchPoint vc="0" uspid="30" ordinal="30" offset="87" sl="81" path="0" offsetend="89" fileid="1" />
                <BranchPoint vc="0" uspid="31" ordinal="31" offset="87" sl="81" path="1" offsetchain="101" offsetend="105" fileid="1" />
                <BranchPoint vc="0" uspid="32" ordinal="32" offset="92" sl="81" path="0" offsetchain="102 94" offsetend="105" fileid="1" />
                <BranchPoint vc="0" uspid="33" ordinal="33" offset="92" sl="81" path="1" offsetchain="101" offsetend="105" fileid="1" />
              </BranchPoints>
              <MethodPoint />
            </Method>
            <Method visited="false" cyclomaticComplexity="3" nPathComplexity="0" sequenceCoverage="0" branchCoverage="0" isConstructor="false" isStatic="false" isGetter="false" isSetter="false" crapScore="0">
              <Summary numSequencePoints="5" visitedSequencePoints="0" numBranchPoints="1" visitedBranchPoints="0" sequenceCoverage="0" branchCoverage="0" maxCyclomaticComplexity="3" minCyclomaticComplexity="3" visitedClasses="0" numClasses="0" visitedMethods="0" numMethods="1" minCrapScore="0" maxCrapScore="0" />
              <MetadataToken>100663351</MetadataToken>
              <Name>InputSimulatorStandard.InputBuilder InputSimulatorStandard.InputBuilder::AddKeyDown(InputSimulatorStandard.Native.VirtualKeyCode)</Name>
              <FileRef uid="1" />
              <SequencePoints>
                <SequencePoint vc="0" uspid="21" ordinal="0" offset="0" sl="107" sc="9" el="107" ec="10" bec="0" bev="0" fileid="1" />
                <SequencePoint vc="0" uspid="20" ordinal="1" offset="1" sl="108" sc="13" el="124" ec="19" bec="0" bev="0" fileid="1" />
                <SequencePoint vc="0" uspid="19" ordinal="2" offset="109" sl="126" sc="13" el="126" ec="38" bec="0" bev="0" fileid="1" />
                <SequencePoint vc="0" uspid="18" ordinal="3" offset="122" sl="127" sc="13" el="127" ec="25" bec="0" bev="0" fileid="1" />
                <SequencePoint vc="0" uspid="17" ordinal="4" offset="126" sl="128" sc="9" el="128" ec="10" bec="0" bev="0" fileid="1" />
              </SequencePoints>
              <BranchPoints />
              <MethodPoint />
            </Method>
            <Method visited="false" cyclomaticComplexity="3" nPathComplexity="0" sequenceCoverage="0" branchCoverage="0" isConstructor="false" isStatic="false" isGetter="false" isSetter="false" crapScore="0">
              <Summary numSequencePoints="5" visitedSequencePoints="0" numBranchPoints="1" visitedBranchPoints="0" sequenceCoverage="0" branchCoverage="0" maxCyclomaticComplexity="3" minCyclomaticComplexity="3" visitedClasses="0" numClasses="0" visitedMethods="0" numMethods="1" minCrapScore="0" maxCrapScore="0" />
              <MetadataToken>100663352</MetadataToken>
              <Name>InputSimulatorStandard.InputBuilder InputSimulatorStandard.InputBuilder::AddKeyUp(InputSimulatorStandard.Native.VirtualKeyCode)</Name>
              <FileRef uid="1" />
              <SequencePoints>
                <SequencePoint vc="0" uspid="26" ordinal="0" offset="0" sl="136" sc="9" el="136" ec="10" bec="0" bev="0" fileid="1" />
                <SequencePoint vc="0" uspid="25" ordinal="1" offset="1" sl="137" sc="13" el="155" ec="19" bec="0" bev="0" fileid="1" />
                <SequencePoint vc="0" uspid="24" ordinal="2" offset="109" sl="157" sc="13" el="157" ec="36" bec="0" bev="0" fileid="1" />
                <SequencePoint vc="0" uspid="23" ordinal="3" offset="122" sl="158" sc="13" el="158" ec="25" bec="0" bev="0" fileid="1" />
                <SequencePoint vc="0" uspid="22" ordinal="4" offset="126" sl="159" sc="9" el="159" ec="10" bec="0" bev="0" fileid="1" />
              </SequencePoints>
              <BranchPoints />
              <MethodPoint />
            </Method>
            <Method visited="false" cyclomaticComplexity="1" nPathComplexity="0" sequenceCoverage="0" branchCoverage="0" isConstructor="false" isStatic="false" isGetter="false" isSetter="false" crapScore="0">
              <Summary numSequencePoints="5" visitedSequencePoints="0" numBranchPoints="1" visitedBranchPoints="0" sequenceCoverage="0" branchCoverage="0" maxCyclomaticComplexity="1" minCyclomaticComplexity="1" visitedClasses="0" numClasses="0" visitedMethods="0" numMethods="1" minCrapScore="0" maxCrapScore="0" />
              <MetadataToken>100663353</MetadataToken>
              <Name>InputSimulatorStandard.InputBuilder InputSimulatorStandard.InputBuilder::AddKeyPress(InputSimulatorStandard.Native.VirtualKeyCode)</Name>
              <FileRef uid="1" />
              <SequencePoints>
                <SequencePoint vc="0" uspid="31" ordinal="0" offset="0" sl="167" sc="9" el="167" ec="10" bec="0" bev="0" fileid="1" />
                <SequencePoint vc="0" uspid="30" ordinal="1" offset="1" sl="168" sc="13" el="168" ec="38" bec="0" bev="0" fileid="1" />
                <SequencePoint vc="0" uspid="29" ordinal="2" offset="9" sl="169" sc="13" el="169" ec="36" bec="0" bev="0" fileid="1" />
                <SequencePoint vc="0" uspid="28" ordinal="3" offset="17" sl="170" sc="13" el="170" ec="25" bec="0" bev="0" fileid="1" />
                <SequencePoint vc="0" uspid="27" ordinal="4" offset="21" sl="171" sc="9" el="171" ec="10" bec="0" bev="0" fileid="1" />
              </SequencePoints>
              <BranchPoints />
              <MethodPoint />
            </Method>
            <Method visited="false" cyclomaticComplexity="2" nPathComplexity="2" sequenceCoverage="0" branchCoverage="0" isConstructor="false" isStatic="false" isGetter="false" isSetter="false" crapScore="0">
              <Summary numSequencePoints="13" visitedSequencePoints="0" numBranchPoints="3" visitedBranchPoints="0" sequenceCoverage="0" branchCoverage="0" maxCyclomaticComplexity="2" minCyclomaticComplexity="2" visitedClasses="0" numClasses="0" visitedMethods="0" numMethods="1" minCrapScore="0" maxCrapScore="0" />
              <MetadataToken>100663354</MetadataToken>
              <Name>InputSimulatorStandard.InputBuilder InputSimulatorStandard.InputBuilder::AddCharacter(System.Char)</Name>
              <FileRef uid="1" />
              <SequencePoints>
                <SequencePoint vc="0" uspid="44" ordinal="0" offset="0" sl="179" sc="9" el="179" ec="10" bec="0" bev="0" fileid="1" />
                <SequencePoint vc="0" uspid="43" ordinal="1" offset="1" sl="180" sc="13" el="180" ec="41" bec="0" bev="0" fileid="1" />
                <SequencePoint vc="0" uspid="42" ordinal="2" offset="3" sl="182" sc="13" el="197" ec="15" bec="0" bev="0" fileid="1" />
                <SequencePoint vc="0" uspid="41" ordinal="3" offset="87" sl="199" sc="13" el="215" ec="15" bec="0" bev="0" fileid="1" />
                <SequencePoint vc="0" uspid="40" ordinal="4" offset="171" sl="220" sc="13" el="220" ec="47" bec="2" bev="0" fileid="1" />
                <SequencePoint vc="0" uspid="39" ordinal="5" offset="191" sl="221" sc="13" el="221" ec="14" bec="0" bev="0" fileid="1" />
                <SequencePoint vc="0" uspid="38" ordinal="6" offset="192" sl="222" sc="17" el="222" ec="76" bec="0" bev="0" fileid="1" />
                <SequencePoint vc="0" uspid="37" ordinal="7" offset="214" sl="223" sc="17" el="223" ec="74" bec="0" bev="0" fileid="1" />
                <SequencePoint vc="0" uspid="36" ordinal="8" offset="236" sl="224" sc="13" el="224" ec="14" bec="0" bev="0" fileid="1" />
                <SequencePoint vc="0" uspid="35" ordinal="9" offset="237" sl="226" sc="13" el="226" ec="38" bec="0" bev="0" fileid="1" />
                <SequencePoint vc="0" uspid="34" ordinal="10" offset="250" sl="227" sc="13" el="227" ec="36" bec="0" bev="0" fileid="1" />
                <SequencePoint vc="0" uspid="33" ordinal="11" offset="263" sl="228" sc="13" el="228" ec="25" bec="0" bev="0" fileid="1" />
                <SequencePoint vc="0" uspid="32" ordinal="12" offset="268" sl="229" sc="9" el="229" ec="10" bec="0" bev="0" fileid="1" />
              </SequencePoints>
              <BranchPoints>
                <BranchPoint vc="0" uspid="34" ordinal="0" offset="189" sl="220" path="0" offsetend="191" fileid="1" />
                <BranchPoint vc="0" uspid="35" ordinal="1" offset="189" sl="220" path="1" offsetend="237" fileid="1" />
              </BranchPoints>
              <MethodPoint />
            </Method>
            <Method visited="false" cyclomaticComplexity="3" nPathComplexity="2" sequenceCoverage="0" branchCoverage="0" isConstructor="false" isStatic="false" isGetter="false" isSetter="false" crapScore="0">
              <Summary numSequencePoints="10" visitedSequencePoints="0" numBranchPoints="3" visitedBranchPoints="0" sequenceCoverage="0" branchCoverage="0" maxCyclomaticComplexity="3" minCyclomaticComplexity="3" visitedClasses="0" numClasses="0" visitedMethods="0" numMethods="1" minCrapScore="0" maxCrapScore="0" />
              <MetadataToken>100663355</MetadataToken>
              <Name>InputSimulatorStandard.InputBuilder InputSimulatorStandard.InputBuilder::AddCharacters(System.Collections.Generic.IEnumerable`1&lt;System.Char&gt;)</Name>
              <FileRef uid="1" />
              <SequencePoints>
                <SequencePoint vc="0" uspid="54" ordinal="0" offset="0" sl="237" sc="9" el="237" ec="10" bec="0" bev="0" fileid="1" />
                <SequencePoint vc="0" uspid="53" ordinal="1" offset="1" sl="238" sc="13" el="238" ec="20" bec="0" bev="0" fileid="1" />
                <SequencePoint vc="0" uspid="52" ordinal="2" offset="2" sl="238" sc="39" el="238" ec="49" bec="0" bev="0" fileid="1" />
                <SequencePoint vc="0" uspid="51" ordinal="3" offset="11" sl="238" sc="22" el="238" ec="35" bec="0" bev="0" fileid="1" />
                <SequencePoint vc="0" uspid="50" ordinal="4" offset="18" sl="239" sc="13" el="239" ec="14" bec="0" bev="0" fileid="1" />
                <SequencePoint vc="0" uspid="49" ordinal="5" offset="19" sl="240" sc="17" el="240" ec="46" bec="0" bev="0" fileid="1" />
                <SequencePoint vc="0" uspid="48" ordinal="6" offset="27" sl="241" sc="13" el="241" ec="14" bec="0" bev="0" fileid="1" />
                <SequencePoint vc="0" uspid="47" ordinal="7" offset="28" sl="238" sc="36" el="238" ec="38" bec="2" bev="0" fileid="1" />
                <SequencePoint vc="0" uspid="46" ordinal="8" offset="49" sl="242" sc="13" el="242" ec="25" bec="0" bev="0" fileid="1" />
                <SequencePoint vc="0" uspid="45" ordinal="9" offset="53" sl="243" sc="9" el="243" ec="10" bec="0" bev="0" fileid="1" />
              </SequencePoints>
              <BranchPoints>
                <BranchPoint vc="0" uspid="36" ordinal="0" offset="34" sl="238" path="0" offsetend="36" fileid="1" />
                <BranchPoint vc="0" uspid="37" ordinal="1" offset="34" sl="238" path="1" offsetend="11" fileid="1" />
              </BranchPoints>
              <MethodPoint />
            </Method>
            <Method visited="false" cyclomaticComplexity="1" nPathComplexity="0" sequenceCoverage="0" branchCoverage="0" isConstructor="false" isStatic="false" isGetter="false" isSetter="false" crapScore="0">
              <Summary numSequencePoints="3" visitedSequencePoints="0" numBranchPoints="1" visitedBranchPoints="0" sequenceCoverage="0" branchCoverage="0" maxCyclomaticComplexity="1" minCyclomaticComplexity="1" visitedClasses="0" numClasses="0" visitedMethods="0" numMethods="1" minCrapScore="0" maxCrapScore="0" />
              <MetadataToken>100663356</MetadataToken>
              <Name>InputSimulatorStandard.InputBuilder InputSimulatorStandard.InputBuilder::AddCharacters(System.String)</Name>
              <FileRef uid="1" />
              <SequencePoints>
                <SequencePoint vc="0" uspid="57" ordinal="0" offset="0" sl="251" sc="9" el="251" ec="10" bec="0" bev="0" fileid="1" />
                <SequencePoint vc="0" uspid="56" ordinal="1" offset="1" sl="252" sc="13" el="252" ec="65" bec="0" bev="0" fileid="1" />
                <SequencePoint vc="0" uspid="55" ordinal="2" offset="16" sl="253" sc="9" el="253" ec="10" bec="0" bev="0" fileid="1" />
              </SequencePoints>
              <BranchPoints />
              <MethodPoint />
            </Method>
            <Method visited="false" cyclomaticComplexity="1" nPathComplexity="0" sequenceCoverage="0" branchCoverage="0" isConstructor="false" isStatic="false" isGetter="false" isSetter="false" crapScore="0">
              <Summary numSequencePoints="8" visitedSequencePoints="0" numBranchPoints="1" visitedBranchPoints="0" sequenceCoverage="0" branchCoverage="0" maxCyclomaticComplexity="1" minCyclomaticComplexity="1" visitedClasses="0" numClasses="0" visitedMethods="0" numMethods="1" minCrapScore="0" maxCrapScore="0" />
              <MetadataToken>100663357</MetadataToken>
              <Name>InputSimulatorStandard.InputBuilder InputSimulatorStandard.InputBuilder::AddRelativeMouseMovement(System.Int32,System.Int32)</Name>
              <FileRef uid="1" />
              <SequencePoints>
                <SequencePoint vc="0" uspid="65" ordinal="0" offset="0" sl="262" sc="9" el="262" ec="10" bec="0" bev="0" fileid="1" />
                <SequencePoint vc="0" uspid="64" ordinal="1" offset="1" sl="263" sc="13" el="263" ec="71" bec="0" bev="0" fileid="1" />
                <SequencePoint vc="0" uspid="63" ordinal="2" offset="19" sl="264" sc="13" el="264" ec="62" bec="0" bev="0" fileid="1" />
                <SequencePoint vc="0" uspid="62" ordinal="3" offset="37" sl="265" sc="13" el="265" ec="39" bec="0" bev="0" fileid="1" />
                <SequencePoint vc="0" uspid="61" ordinal="4" offset="55" sl="266" sc="13" el="266" ec="39" bec="0" bev="0" fileid="1" />
                <SequencePoint vc="0" uspid="60" ordinal="5" offset="73" sl="268" sc="13" el="268" ec="42" bec="0" bev="0" fileid="1" />
                <SequencePoint vc="0" uspid="59" ordinal="6" offset="86" sl="270" sc="13" el="270" ec="25" bec="0" bev="0" fileid="1" />
                <SequencePoint vc="0" uspid="58" ordinal="7" offset="90" sl="271" sc="9" el="271" ec="10" bec="0" bev="0" fileid="1" />
              </SequencePoints>
              <BranchPoints />
              <MethodPoint />
            </Method>
            <Method visited="false" cyclomaticComplexity="1" nPathComplexity="0" sequenceCoverage="0" branchCoverage="0" isConstructor="false" isStatic="false" isGetter="false" isSetter="false" crapScore="0">
              <Summary numSequencePoints="8" visitedSequencePoints="0" numBranchPoints="1" visitedBranchPoints="0" sequenceCoverage="0" branchCoverage="0" maxCyclomaticComplexity="1" minCyclomaticComplexity="1" visitedClasses="0" numClasses="0" visitedMethods="0" numMethods="1" minCrapScore="0" maxCrapScore="0" />
              <MetadataToken>100663358</MetadataToken>
              <Name>InputSimulatorStandard.InputBuilder InputSimulatorStandard.InputBuilder::AddAbsoluteMouseMovement(System.Int32,System.Int32)</Name>
              <FileRef uid="1" />
              <SequencePoints>
                <SequencePoint vc="0" uspid="73" ordinal="0" offset="0" sl="280" sc="9" el="280" ec="10" bec="0" bev="0" fileid="1" />
                <SequencePoint vc="0" uspid="72" ordinal="1" offset="1" sl="281" sc="13" el="281" ec="71" bec="0" bev="0" fileid="1" />
                <SequencePoint vc="0" uspid="71" ordinal="2" offset="19" sl="282" sc="13" el="282" ec="85" bec="0" bev="0" fileid="1" />
                <SequencePoint vc="0" uspid="70" ordinal="3" offset="41" sl="283" sc="13" el="283" ec="47" bec="0" bev="0" fileid="1" />
                <SequencePoint vc="0" uspid="69" ordinal="4" offset="59" sl="284" sc="13" el="284" ec="47" bec="0" bev="0" fileid="1" />
                <SequencePoint vc="0" uspid="68" ordinal="5" offset="77" sl="286" sc="13" el="286" ec="42" bec="0" bev="0" fileid="1" />
                <SequencePoint vc="0" uspid="67" ordinal="6" offset="90" sl="288" sc="13" el="288" ec="25" bec="0" bev="0" fileid="1" />
                <SequencePoint vc="0" uspid="66" ordinal="7" offset="94" sl="289" sc="9" el="289" ec="10" bec="0" bev="0" fileid="1" />
              </SequencePoints>
              <BranchPoints />
              <MethodPoint />
            </Method>
            <Method visited="false" cyclomaticComplexity="1" nPathComplexity="0" sequenceCoverage="0" branchCoverage="0" isConstructor="false" isStatic="false" isGetter="false" isSetter="false" crapScore="0">
              <Summary numSequencePoints="8" visitedSequencePoints="0" numBranchPoints="1" visitedBranchPoints="0" sequenceCoverage="0" branchCoverage="0" maxCyclomaticComplexity="1" minCyclomaticComplexity="1" visitedClasses="0" numClasses="0" visitedMethods="0" numMethods="1" minCrapScore="0" maxCrapScore="0" />
              <MetadataToken>100663359</MetadataToken>
              <Name>InputSimulatorStandard.InputBuilder InputSimulatorStandard.InputBuilder::AddAbsoluteMouseMovementOnVirtualDesktop(System.Int32,System.Int32)</Name>
              <FileRef uid="1" />
              <SequencePoints>
                <SequencePoint vc="0" uspid="81" ordinal="0" offset="0" sl="298" sc="9" el="298" ec="10" bec="0" bev="0" fileid="1" />
                <SequencePoint vc="0" uspid="80" ordinal="1" offset="1" sl="299" sc="13" el="299" ec="71" bec="0" bev="0" fileid="1" />
                <SequencePoint vc="0" uspid="79" ordinal="2" offset="19" sl="300" sc="13" el="300" ec="109" bec="0" bev="0" fileid="1" />
                <SequencePoint vc="0" uspid="78" ordinal="3" offset="41" sl="301" sc="13" el="301" ec="47" bec="0" bev="0" fileid="1" />
                <SequencePoint vc="0" uspid="77" ordinal="4" offset="59" sl="302" sc="13" el="302" ec="47" bec="0" bev="0" fileid="1" />
                <SequencePoint vc="0" uspid="76" ordinal="5" offset="77" sl="304" sc="13" el="304" ec="42" bec="0" bev="0" fileid="1" />
                <SequencePoint vc="0" uspid="75" ordinal="6" offset="90" sl="306" sc="13" el="306" ec="25" bec="0" bev="0" fileid="1" />
                <SequencePoint vc="0" uspid="74" ordinal="7" offset="94" sl="307" sc="9" el="307" ec="10" bec="0" bev="0" fileid="1" />
              </SequencePoints>
              <BranchPoints />
              <MethodPoint />
            </Method>
            <Method visited="false" cyclomaticComplexity="1" nPathComplexity="0" sequenceCoverage="0" branchCoverage="0" isConstructor="false" isStatic="false" isGetter="false" isSetter="false" crapScore="0">
              <Summary numSequencePoints="6" visitedSequencePoints="0" numBranchPoints="1" visitedBranchPoints="0" sequenceCoverage="0" branchCoverage="0" maxCyclomaticComplexity="1" minCyclomaticComplexity="1" visitedClasses="0" numClasses="0" visitedMethods="0" numMethods="1" minCrapScore="0" maxCrapScore="0" />
              <MetadataToken>100663360</MetadataToken>
              <Name>InputSimulatorStandard.InputBuilder InputSimulatorStandard.InputBuilder::AddMouseButtonDown(InputSimulatorStandard.MouseButton)</Name>
              <FileRef uid="1" />
              <SequencePoints>
                <SequencePoint vc="0" uspid="87" ordinal="0" offset="0" sl="315" sc="9" el="315" ec="10" bec="0" bev="0" fileid="1" />
                <SequencePoint vc="0" uspid="86" ordinal="1" offset="1" sl="316" sc="13" el="316" ec="73" bec="0" bev="0" fileid="1" />
                <SequencePoint vc="0" uspid="85" ordinal="2" offset="19" sl="317" sc="13" el="317" ec="79" bec="0" bev="0" fileid="1" />
                <SequencePoint vc="0" uspid="84" ordinal="3" offset="42" sl="319" sc="13" el="319" ec="44" bec="0" bev="0" fileid="1" />
                <SequencePoint vc="0" uspid="83" ordinal="4" offset="55" sl="321" sc="13" el="321" ec="25" bec="0" bev="0" fileid="1" />
                <SequencePoint vc="0" uspid="82" ordinal="5" offset="59" sl="322" sc="9" el="322" ec="10" bec="0" bev="0" fileid="1" />
              </SequencePoints>
              <BranchPoints />
              <MethodPoint />
            </Method>
            <Method visited="false" cyclomaticComplexity="1" nPathComplexity="0" sequenceCoverage="0" branchCoverage="0" isConstructor="false" isStatic="false" isGetter="false" isSetter="false" crapScore="0">
              <Summary numSequencePoints="7" visitedSequencePoints="0" numBranchPoints="1" visitedBranchPoints="0" sequenceCoverage="0" branchCoverage="0" maxCyclomaticComplexity="1" minCyclomaticComplexity="1" visitedClasses="0" numClasses="0" visitedMethods="0" numMethods="1" minCrapScore="0" maxCrapScore="0" />
              <MetadataToken>100663361</MetadataToken>
              <Name>InputSimulatorStandard.InputBuilder InputSimulatorStandard.InputBuilder::AddMouseXButtonDown(System.Int32)</Name>
              <FileRef uid="1" />
              <SequencePoints>
                <SequencePoint vc="0" uspid="94" ordinal="0" offset="0" sl="330" sc="9" el="330" ec="10" bec="0" bev="0" fileid="1" />
                <SequencePoint vc="0" uspid="93" ordinal="1" offset="1" sl="331" sc="13" el="331" ec="73" bec="0" bev="0" fileid="1" />
                <SequencePoint vc="0" uspid="92" ordinal="2" offset="19" sl="332" sc="13" el="332" ec="65" bec="0" bev="0" fileid="1" />
                <SequencePoint vc="0" uspid="91" ordinal="3" offset="41" sl="333" sc="13" el="333" ec="63" bec="0" bev="0" fileid="1" />
                <SequencePoint vc="0" uspid="90" ordinal="4" offset="59" sl="334" sc="13" el="334" ec="44" bec="0" bev="0" fileid="1" />
                <SequencePoint vc="0" uspid="89" ordinal="5" offset="72" sl="336" sc="13" el="336" ec="25" bec="0" bev="0" fileid="1" />
                <SequencePoint vc="0" uspid="88" ordinal="6" offset="76" sl="337" sc="9" el="337" ec="10" bec="0" bev="0" fileid="1" />
              </SequencePoints>
              <BranchPoints />
              <MethodPoint />
            </Method>
            <Method visited="false" cyclomaticComplexity="1" nPathComplexity="0" sequenceCoverage="0" branchCoverage="0" isConstructor="false" isStatic="false" isGetter="false" isSetter="false" crapScore="0">
              <Summary numSequencePoints="6" visitedSequencePoints="0" numBranchPoints="1" visitedBranchPoints="0" sequenceCoverage="0" branchCoverage="0" maxCyclomaticComplexity="1" minCyclomaticComplexity="1" visitedClasses="0" numClasses="0" visitedMethods="0" numMethods="1" minCrapScore="0" maxCrapScore="0" />
              <MetadataToken>100663362</MetadataToken>
              <Name>InputSimulatorStandard.InputBuilder InputSimulatorStandard.InputBuilder::AddMouseButtonUp(InputSimulatorStandard.MouseButton)</Name>
              <FileRef uid="1" />
              <SequencePoints>
                <SequencePoint vc="0" uspid="100" ordinal="0" offset="0" sl="345" sc="9" el="345" ec="10" bec="0" bev="0" fileid="1" />
                <SequencePoint vc="0" uspid="99" ordinal="1" offset="1" sl="346" sc="13" el="346" ec="71" bec="0" bev="0" fileid="1" />
                <SequencePoint vc="0" uspid="98" ordinal="2" offset="19" sl="347" sc="13" el="347" ec="75" bec="0" bev="0" fileid="1" />
                <SequencePoint vc="0" uspid="97" ordinal="3" offset="42" sl="348" sc="13" el="348" ec="42" bec="0" bev="0" fileid="1" />
                <SequencePoint vc="0" uspid="96" ordinal="4" offset="55" sl="350" sc="13" el="350" ec="25" bec="0" bev="0" fileid="1" />
                <SequencePoint vc="0" uspid="95" ordinal="5" offset="59" sl="351" sc="9" el="351" ec="10" bec="0" bev="0" fileid="1" />
              </SequencePoints>
              <BranchPoints />
              <MethodPoint />
            </Method>
            <Method visited="false" cyclomaticComplexity="1" nPathComplexity="0" sequenceCoverage="0" branchCoverage="0" isConstructor="false" isStatic="false" isGetter="false" isSetter="false" crapScore="0">
              <Summary numSequencePoints="7" visitedSequencePoints="0" numBranchPoints="1" visitedBranchPoints="0" sequenceCoverage="0" branchCoverage="0" maxCyclomaticComplexity="1" minCyclomaticComplexity="1" visitedClasses="0" numClasses="0" visitedMethods="0" numMethods="1" minCrapScore="0" maxCrapScore="0" />
              <MetadataToken>100663363</MetadataToken>
              <Name>InputSimulatorStandard.InputBuilder InputSimulatorStandard.InputBuilder::AddMouseXButtonUp(System.Int32)</Name>
              <FileRef uid="1" />
              <SequencePoints>
                <SequencePoint vc="0" uspid="107" ordinal="0" offset="0" sl="359" sc="9" el="359" ec="10" bec="0" bev="0" fileid="1" />
                <SequencePoint vc="0" uspid="106" ordinal="1" offset="1" sl="360" sc="13" el="360" ec="71" bec="0" bev="0" fileid="1" />
                <SequencePoint vc="0" uspid="105" ordinal="2" offset="19" sl="361" sc="13" el="361" ec="61" bec="0" bev="0" fileid="1" />
                <SequencePoint vc="0" uspid="104" ordinal="3" offset="41" sl="362" sc="13" el="362" ec="61" bec="0" bev="0" fileid="1" />
                <SequencePoint vc="0" uspid="103" ordinal="4" offset="59" sl="363" sc="13" el="363" ec="42" bec="0" bev="0" fileid="1" />
                <SequencePoint vc="0" uspid="102" ordinal="5" offset="72" sl="365" sc="13" el="365" ec="25" bec="0" bev="0" fileid="1" />
                <SequencePoint vc="0" uspid="101" ordinal="6" offset="76" sl="366" sc="9" el="366" ec="10" bec="0" bev="0" fileid="1" />
              </SequencePoints>
              <BranchPoints />
              <MethodPoint />
            </Method>
            <Method visited="false" cyclomaticComplexity="1" nPathComplexity="0" sequenceCoverage="0" branchCoverage="0" isConstructor="false" isStatic="false" isGetter="false" isSetter="false" crapScore="0">
              <Summary numSequencePoints="3" visitedSequencePoints="0" numBranchPoints="1" visitedBranchPoints="0" sequenceCoverage="0" branchCoverage="0" maxCyclomaticComplexity="1" minCyclomaticComplexity="1" visitedClasses="0" numClasses="0" visitedMethods="0" numMethods="1" minCrapScore="0" maxCrapScore="0" />
              <MetadataToken>100663364</MetadataToken>
              <Name>InputSimulatorStandard.InputBuilder InputSimulatorStandard.InputBuilder::AddMouseButtonClick(InputSimulatorStandard.MouseButton)</Name>
              <FileRef uid="1" />
              <SequencePoints>
                <SequencePoint vc="0" uspid="110" ordinal="0" offset="0" sl="374" sc="9" el="374" ec="10" bec="0" bev="0" fileid="1" />
                <SequencePoint vc="0" uspid="109" ordinal="1" offset="1" sl="375" sc="13" el="375" ec="77" bec="0" bev="0" fileid="1" />
                <SequencePoint vc="0" uspid="108" ordinal="2" offset="17" sl="376" sc="9" el="376" ec="10" bec="0" bev="0" fileid="1" />
              </SequencePoints>
              <BranchPoints />
              <MethodPoint />
            </Method>
            <Method visited="false" cyclomaticComplexity="1" nPathComplexity="0" sequenceCoverage="0" branchCoverage="0" isConstructor="false" isStatic="false" isGetter="false" isSetter="false" crapScore="0">
              <Summary numSequencePoints="3" visitedSequencePoints="0" numBranchPoints="1" visitedBranchPoints="0" sequenceCoverage="0" branchCoverage="0" maxCyclomaticComplexity="1" minCyclomaticComplexity="1" visitedClasses="0" numClasses="0" visitedMethods="0" numMethods="1" minCrapScore="0" maxCrapScore="0" />
              <MetadataToken>100663365</MetadataToken>
              <Name>InputSimulatorStandard.InputBuilder InputSimulatorStandard.InputBuilder::AddMouseXButtonClick(System.Int32)</Name>
              <FileRef uid="1" />
              <SequencePoints>
                <SequencePoint vc="0" uspid="113" ordinal="0" offset="0" sl="384" sc="9" el="384" ec="10" bec="0" bev="0" fileid="1" />
                <SequencePoint vc="0" uspid="112" ordinal="1" offset="1" sl="385" sc="13" el="385" ec="85" bec="0" bev="0" fileid="1" />
                <SequencePoint vc="0" uspid="111" ordinal="2" offset="17" sl="386" sc="9" el="386" ec="10" bec="0" bev="0" fileid="1" />
              </SequencePoints>
              <BranchPoints />
              <MethodPoint />
            </Method>
            <Method visited="false" cyclomaticComplexity="1" nPathComplexity="0" sequenceCoverage="0" branchCoverage="0" isConstructor="false" isStatic="false" isGetter="false" isSetter="false" crapScore="0">
              <Summary numSequencePoints="3" visitedSequencePoints="0" numBranchPoints="1" visitedBranchPoints="0" sequenceCoverage="0" branchCoverage="0" maxCyclomaticComplexity="1" minCyclomaticComplexity="1" visitedClasses="0" numClasses="0" visitedMethods="0" numMethods="1" minCrapScore="0" maxCrapScore="0" />
              <MetadataToken>100663366</MetadataToken>
              <Name>InputSimulatorStandard.InputBuilder InputSimulatorStandard.InputBuilder::AddMouseButtonDoubleClick(InputSimulatorStandard.MouseButton)</Name>
              <FileRef uid="1" />
              <SequencePoints>
                <SequencePoint vc="0" uspid="116" ordinal="0" offset="0" sl="394" sc="9" el="394" ec="10" bec="0" bev="0" fileid="1" />
                <SequencePoint vc="0" uspid="115" ordinal="1" offset="1" sl="395" sc="13" el="395" ec="81" bec="0" bev="0" fileid="1" />
                <SequencePoint vc="0" uspid="114" ordinal="2" offset="17" sl="396" sc="9" el="396" ec="10" bec="0" bev="0" fileid="1" />
              </SequencePoints>
              <BranchPoints />
              <MethodPoint />
            </Method>
            <Method visited="false" cyclomaticComplexity="1" nPathComplexity="0" sequenceCoverage="0" branchCoverage="0" isConstructor="false" isStatic="false" isGetter="false" isSetter="false" crapScore="0">
              <Summary numSequencePoints="3" visitedSequencePoints="0" numBranchPoints="1" visitedBranchPoints="0" sequenceCoverage="0" branchCoverage="0" maxCyclomaticComplexity="1" minCyclomaticComplexity="1" visitedClasses="0" numClasses="0" visitedMethods="0" numMethods="1" minCrapScore="0" maxCrapScore="0" />
              <MetadataToken>100663367</MetadataToken>
              <Name>InputSimulatorStandard.InputBuilder InputSimulatorStandard.InputBuilder::AddMouseXButtonDoubleClick(System.Int32)</Name>
              <FileRef uid="1" />
              <SequencePoints>
                <SequencePoint vc="0" uspid="119" ordinal="0" offset="0" sl="404" sc="9" el="404" ec="10" bec="0" bev="0" fileid="1" />
                <SequencePoint vc="0" uspid="118" ordinal="1" offset="1" sl="405" sc="13" el="405" ec="89" bec="0" bev="0" fileid="1" />
                <SequencePoint vc="0" uspid="117" ordinal="2" offset="17" sl="406" sc="9" el="406" ec="10" bec="0" bev="0" fileid="1" />
              </SequencePoints>
              <BranchPoints />
              <MethodPoint />
            </Method>
            <Method visited="false" cyclomaticComplexity="1" nPathComplexity="0" sequenceCoverage="0" branchCoverage="0" isConstructor="false" isStatic="false" isGetter="false" isSetter="false" crapScore="0">
              <Summary numSequencePoints="7" visitedSequencePoints="0" numBranchPoints="1" visitedBranchPoints="0" sequenceCoverage="0" branchCoverage="0" maxCyclomaticComplexity="1" minCyclomaticComplexity="1" visitedClasses="0" numClasses="0" visitedMethods="0" numMethods="1" minCrapScore="0" maxCrapScore="0" />
              <MetadataToken>100663368</MetadataToken>
              <Name>InputSimulatorStandard.InputBuilder InputSimulatorStandard.InputBuilder::AddMouseVerticalWheelScroll(System.Int32)</Name>
              <FileRef uid="1" />
              <SequencePoints>
                <SequencePoint vc="0" uspid="126" ordinal="0" offset="0" sl="414" sc="9" el="414" ec="10" bec="0" bev="0" fileid="1" />
                <SequencePoint vc="0" uspid="125" ordinal="1" offset="1" sl="415" sc="13" el="415" ec="69" bec="0" bev="0" fileid="1" />
                <SequencePoint vc="0" uspid="124" ordinal="2" offset="19" sl="416" sc="13" el="416" ec="69" bec="0" bev="0" fileid="1" />
                <SequencePoint vc="0" uspid="123" ordinal="3" offset="41" sl="417" sc="13" el="417" ec="62" bec="0" bev="0" fileid="1" />
                <SequencePoint vc="0" uspid="122" ordinal="4" offset="59" sl="419" sc="13" el="419" ec="40" bec="0" bev="0" fileid="1" />
                <SequencePoint vc="0" uspid="121" ordinal="5" offset="72" sl="421" sc="13" el="421" ec="25" bec="0" bev="0" fileid="1" />
                <SequencePoint vc="0" uspid="120" ordinal="6" offset="76" sl="422" sc="9" el="422" ec="10" bec="0" bev="0" fileid="1" />
              </SequencePoints>
              <BranchPoints />
              <MethodPoint />
            </Method>
            <Method visited="false" cyclomaticComplexity="1" nPathComplexity="0" sequenceCoverage="0" branchCoverage="0" isConstructor="false" isStatic="false" isGetter="false" isSetter="false" crapScore="0">
              <Summary numSequencePoints="7" visitedSequencePoints="0" numBranchPoints="1" visitedBranchPoints="0" sequenceCoverage="0" branchCoverage="0" maxCyclomaticComplexity="1" minCyclomaticComplexity="1" visitedClasses="0" numClasses="0" visitedMethods="0" numMethods="1" minCrapScore="0" maxCrapScore="0" />
              <MetadataToken>100663369</MetadataToken>
              <Name>InputSimulatorStandard.InputBuilder InputSimulatorStandard.InputBuilder::AddMouseHorizontalWheelScroll(System.Int32)</Name>
              <FileRef uid="1" />
              <SequencePoints>
                <SequencePoint vc="0" uspid="133" ordinal="0" offset="0" sl="430" sc="9" el="430" ec="10" bec="0" bev="0" fileid="1" />
                <SequencePoint vc="0" uspid="132" ordinal="1" offset="1" sl="431" sc="13" el="431" ec="69" bec="0" bev="0" fileid="1" />
                <SequencePoint vc="0" uspid="131" ordinal="2" offset="19" sl="432" sc="13" el="432" ec="71" bec="0" bev="0" fileid="1" />
                <SequencePoint vc="0" uspid="130" ordinal="3" offset="41" sl="433" sc="13" el="433" ec="62" bec="0" bev="0" fileid="1" />
                <SequencePoint vc="0" uspid="129" ordinal="4" offset="59" sl="435" sc="13" el="435" ec="40" bec="0" bev="0" fileid="1" />
                <SequencePoint vc="0" uspid="128" ordinal="5" offset="72" sl="437" sc="13" el="437" ec="25" bec="0" bev="0" fileid="1" />
                <SequencePoint vc="0" uspid="127" ordinal="6" offset="76" sl="438" sc="9" el="438" ec="10" bec="0" bev="0" fileid="1" />
              </SequencePoints>
              <BranchPoints />
              <MethodPoint />
            </Method>
            <Method visited="false" cyclomaticComplexity="5" nPathComplexity="4" sequenceCoverage="0" branchCoverage="0" isConstructor="false" isStatic="true" isGetter="false" isSetter="false" crapScore="0">
              <Summary numSequencePoints="7" visitedSequencePoints="0" numBranchPoints="5" visitedBranchPoints="0" sequenceCoverage="0" branchCoverage="0" maxCyclomaticComplexity="5" minCyclomaticComplexity="5" visitedClasses="0" numClasses="0" visitedMethods="0" numMethods="1" minCrapScore="0" maxCrapScore="0" />
              <MetadataToken>100663370</MetadataToken>
              <Name>InputSimulatorStandard.Native.MouseFlag InputSimulatorStandard.InputBuilder::ToMouseButtonDownFlag(InputSimulatorStandard.MouseButton)</Name>
              <FileRef uid="1" />
              <SequencePoints>
                <SequencePoint vc="0" uspid="140" ordinal="0" offset="0" sl="441" sc="9" el="441" ec="10" bec="0" bev="0" fileid="1" />
                <SequencePoint vc="0" uspid="139" ordinal="1" offset="1" sl="442" sc="13" el="442" ec="28" bec="4" bev="0" fileid="1" />
                <SequencePoint vc="0" uspid="138" ordinal="2" offset="23" sl="445" sc="21" el="445" ec="47" bec="0" bev="0" fileid="1" />
                <SequencePoint vc="0" uspid="137" ordinal="3" offset="27" sl="448" sc="21" el="448" ec="49" bec="0" bev="0" fileid="1" />
                <SequencePoint vc="0" uspid="136" ordinal="4" offset="32" sl="451" sc="21" el="451" ec="48" bec="0" bev="0" fileid="1" />
                <SequencePoint vc="0" uspid="135" ordinal="5" offset="36" sl="454" sc="21" el="454" ec="47" bec="0" bev="0" fileid="1" />
                <SequencePoint vc="0" uspid="134" ordinal="6" offset="40" sl="456" sc="9" el="456" ec="10" bec="0" bev="0" fileid="1" />
              </SequencePoints>
              <BranchPoints>
                <BranchPoint vc="0" uspid="38" ordinal="0" offset="4" sl="442" path="0" offsetchain="21" offsetend="36" fileid="1" />
                <BranchPoint vc="0" uspid="39" ordinal="1" offset="4" sl="442" path="1" offsetend="23" fileid="1" />
                <BranchPoint vc="0" uspid="40" ordinal="2" offset="4" sl="442" path="2" offsetend="27" fileid="1" />
                <BranchPoint vc="0" uspid="41" ordinal="3" offset="4" sl="442" path="3" offsetend="32" fileid="1" />
              </BranchPoints>
              <MethodPoint />
            </Method>
            <Method visited="false" cyclomaticComplexity="5" nPathComplexity="4" sequenceCoverage="0" branchCoverage="0" isConstructor="false" isStatic="true" isGetter="false" isSetter="false" crapScore="0">
              <Summary numSequencePoints="7" visitedSequencePoints="0" numBranchPoints="5" visitedBranchPoints="0" sequenceCoverage="0" branchCoverage="0" maxCyclomaticComplexity="5" minCyclomaticComplexity="5" visitedClasses="0" numClasses="0" visitedMethods="0" numMethods="1" minCrapScore="0" maxCrapScore="0" />
              <MetadataToken>100663371</MetadataToken>
              <Name>InputSimulatorStandard.Native.MouseFlag InputSimulatorStandard.InputBuilder::ToMouseButtonUpFlag(InputSimulatorStandard.MouseButton)</Name>
              <FileRef uid="1" />
              <SequencePoints>
                <SequencePoint vc="0" uspid="147" ordinal="0" offset="0" sl="459" sc="9" el="459" ec="10" bec="0" bev="0" fileid="1" />
                <SequencePoint vc="0" uspid="146" ordinal="1" offset="1" sl="460" sc="13" el="460" ec="28" bec="4" bev="0" fileid="1" />
                <SequencePoint vc="0" uspid="145" ordinal="2" offset="23" sl="463" sc="21" el="463" ec="45" bec="0" bev="0" fileid="1" />
                <SequencePoint vc="0" uspid="144" ordinal="3" offset="27" sl="466" sc="21" el="466" ec="47" bec="0" bev="0" fileid="1" />
                <SequencePoint vc="0" uspid="143" ordinal="4" offset="32" sl="469" sc="21" el="469" ec="46" bec="0" bev="0" fileid="1" />
                <SequencePoint vc="0" uspid="142" ordinal="5" offset="37" sl="472" sc="21" el="472" ec="45" bec="0" bev="0" fileid="1" />
                <SequencePoint vc="0" uspid="141" ordinal="6" offset="41" sl="474" sc="9" el="474" ec="10" bec="0" bev="0" fileid="1" />
              </SequencePoints>
              <BranchPoints>
                <BranchPoint vc="0" uspid="42" ordinal="0" offset="4" sl="460" path="0" offsetchain="21" offsetend="37" fileid="1" />
                <BranchPoint vc="0" uspid="43" ordinal="1" offset="4" sl="460" path="1" offsetend="23" fileid="1" />
                <BranchPoint vc="0" uspid="44" ordinal="2" offset="4" sl="460" path="2" offsetend="27" fileid="1" />
                <BranchPoint vc="0" uspid="45" ordinal="3" offset="4" sl="460" path="3" offsetend="32" fileid="1" />
              </BranchPoints>
              <MethodPoint />
            </Method>
          </Methods>
        </Class>
        <Class>
          <Summary numSequencePoints="12" visitedSequencePoints="0" numBranchPoints="2" visitedBranchPoints="0" sequenceCoverage="0" branchCoverage="0" maxCyclomaticComplexity="1" minCyclomaticComplexity="1" visitedClasses="0" numClasses="1" visitedMethods="0" numMethods="2" minCrapScore="0" maxCrapScore="0" />
          <FullName>InputSimulatorStandard.InputSimulator</FullName>
          <Methods>
            <Method visited="false" cyclomaticComplexity="1" nPathComplexity="0" sequenceCoverage="0" branchCoverage="0" isConstructor="true" isStatic="false" isGetter="false" isSetter="false" crapScore="0">
              <Summary numSequencePoints="6" visitedSequencePoints="0" numBranchPoints="1" visitedBranchPoints="0" sequenceCoverage="0" branchCoverage="0" maxCyclomaticComplexity="1" minCyclomaticComplexity="1" visitedClasses="0" numClasses="0" visitedMethods="0" numMethods="1" minCrapScore="0" maxCrapScore="0" />
              <MetadataToken>100663372</MetadataToken>
              <Name>System.Void InputSimulatorStandard.InputSimulator::.ctor(InputSimulatorStandard.IKeyboardSimulator,InputSimulatorStandard.IMouseSimulator,InputSimulatorStandard.IInputDeviceStateAdapter)</Name>
              <FileRef uid="2" />
              <SequencePoints>
                <SequencePoint vc="0" uspid="153" ordinal="0" offset="0" sl="15" sc="9" el="15" ec="150" bec="0" bev="0" fileid="2" />
                <SequencePoint vc="0" uspid="152" ordinal="1" offset="7" sl="16" sc="9" el="16" ec="10" bec="0" bev="0" fileid="2" />
                <SequencePoint vc="0" uspid="151" ordinal="2" offset="8" sl="17" sc="13" el="17" ec="47" bec="0" bev="0" fileid="2" />
                <SequencePoint vc="0" uspid="150" ordinal="3" offset="15" sl="18" sc="13" el="18" ec="41" bec="0" bev="0" fileid="2" />
                <SequencePoint vc="0" uspid="149" ordinal="4" offset="22" sl="19" sc="13" el="19" ec="61" bec="0" bev="0" fileid="2" />
                <SequencePoint vc="0" uspid="148" ordinal="5" offset="29" sl="20" sc="9" el="20" ec="10" bec="0" bev="0" fileid="2" />
              </SequencePoints>
              <BranchPoints />
              <MethodPoint />
            </Method>
            <Method visited="false" cyclomaticComplexity="1" nPathComplexity="0" sequenceCoverage="0" branchCoverage="0" isConstructor="true" isStatic="false" isGetter="false" isSetter="false" crapScore="0">
              <Summary numSequencePoints="6" visitedSequencePoints="0" numBranchPoints="1" visitedBranchPoints="0" sequenceCoverage="0" branchCoverage="0" maxCyclomaticComplexity="1" minCyclomaticComplexity="1" visitedClasses="0" numClasses="0" visitedMethods="0" numMethods="1" minCrapScore="0" maxCrapScore="0" />
              <MetadataToken>100663373</MetadataToken>
              <Name>System.Void InputSimulatorStandard.InputSimulator::.ctor()</Name>
              <FileRef uid="2" />
              <SequencePoints>
                <SequencePoint vc="0" uspid="159" ordinal="0" offset="0" sl="25" sc="9" el="25" ec="32" bec="0" bev="0" fileid="2" />
                <SequencePoint vc="0" uspid="158" ordinal="1" offset="7" sl="26" sc="9" el="26" ec="10" bec="0" bev="0" fileid="2" />
                <SequencePoint vc="0" uspid="157" ordinal="2" offset="8" sl="27" sc="13" el="27" ec="57" bec="0" bev="0" fileid="2" />
                <SequencePoint vc="0" uspid="156" ordinal="3" offset="20" sl="28" sc="13" el="28" ec="51" bec="0" bev="0" fileid="2" />
                <SequencePoint vc="0" uspid="155" ordinal="4" offset="32" sl="29" sc="13" el="29" ec="74" bec="0" bev="0" fileid="2" />
                <SequencePoint vc="0" uspid="154" ordinal="5" offset="43" sl="30" sc="9" el="30" ec="10" bec="0" bev="0" fileid="2" />
              </SequencePoints>
              <BranchPoints />
              <MethodPoint />
            </Method>
          </Methods>
        </Class>
        <Class>
          <Summary numSequencePoints="102" visitedSequencePoints="0" numBranchPoints="33" visitedBranchPoints="0" sequenceCoverage="0" branchCoverage="0" maxCyclomaticComplexity="4" minCyclomaticComplexity="1" visitedClasses="0" numClasses="1" visitedMethods="0" numMethods="19" minCrapScore="0" maxCrapScore="0" />
          <FullName>InputSimulatorStandard.KeyboardSimulator</FullName>
          <Methods>
            <Method visited="false" cyclomaticComplexity="2" nPathComplexity="0" sequenceCoverage="0" branchCoverage="0" isConstructor="true" isStatic="false" isGetter="false" isSetter="false" crapScore="0">
              <Summary numSequencePoints="5" visitedSequencePoints="0" numBranchPoints="1" visitedBranchPoints="0" sequenceCoverage="0" branchCoverage="0" maxCyclomaticComplexity="2" minCyclomaticComplexity="2" visitedClasses="0" numClasses="0" visitedMethods="0" numMethods="1" minCrapScore="0" maxCrapScore="0" />
              <MetadataToken>100663377</MetadataToken>
              <Name>System.Void InputSimulatorStandard.KeyboardSimulator::.ctor(InputSimulatorStandard.IInputSimulator)</Name>
              <FileRef uid="3" />
              <SequencePoints>
                <SequencePoint vc="0" uspid="164" ordinal="0" offset="0" sl="26" sc="9" el="26" ec="65" bec="0" bev="0" fileid="3" />
                <SequencePoint vc="0" uspid="163" ordinal="1" offset="7" sl="27" sc="9" el="27" ec="10" bec="0" bev="0" fileid="3" />
                <SequencePoint vc="0" uspid="162" ordinal="2" offset="8" sl="28" sc="13" el="28" ec="109" bec="0" bev="0" fileid="3" />
                <SequencePoint vc="0" uspid="161" ordinal="3" offset="30" sl="29" sc="13" el="29" ec="74" bec="0" bev="0" fileid="3" />
                <SequencePoint vc="0" uspid="160" ordinal="4" offset="41" sl="30" sc="9" el="30" ec="10" bec="0" bev="0" fileid="3" />
              </SequencePoints>
              <BranchPoints />
              <MethodPoint />
            </Method>
            <Method visited="false" cyclomaticComplexity="3" nPathComplexity="0" sequenceCoverage="0" branchCoverage="0" isConstructor="true" isStatic="false" isGetter="false" isSetter="false" crapScore="0">
              <Summary numSequencePoints="5" visitedSequencePoints="0" numBranchPoints="1" visitedBranchPoints="0" sequenceCoverage="0" branchCoverage="0" maxCyclomaticComplexity="3" minCyclomaticComplexity="3" visitedClasses="0" numClasses="0" visitedMethods="0" numMethods="1" minCrapScore="0" maxCrapScore="0" />
              <MetadataToken>100663378</MetadataToken>
              <Name>System.Void InputSimulatorStandard.KeyboardSimulator::.ctor(InputSimulatorStandard.IInputSimulator,InputSimulatorStandard.IInputMessageDispatcher)</Name>
              <FileRef uid="3" />
              <SequencePoints>
                <SequencePoint vc="0" uspid="169" ordinal="0" offset="0" sl="38" sc="9" el="38" ec="110" bec="0" bev="0" fileid="3" />
                <SequencePoint vc="0" uspid="168" ordinal="1" offset="7" sl="39" sc="9" el="39" ec="10" bec="0" bev="0" fileid="3" />
                <SequencePoint vc="0" uspid="167" ordinal="2" offset="8" sl="40" sc="13" el="40" ec="109" bec="0" bev="0" fileid="3" />
                <SequencePoint vc="0" uspid="166" ordinal="3" offset="30" sl="41" sc="13" el="43" ec="137" bec="0" bev="0" fileid="3" />
                <SequencePoint vc="0" uspid="165" ordinal="4" offset="102" sl="44" sc="9" el="44" ec="10" bec="0" bev="0" fileid="3" />
              </SequencePoints>
              <BranchPoints />
              <MethodPoint />
            </Method>
            <Method visited="false" cyclomaticComplexity="1" nPathComplexity="0" sequenceCoverage="0" branchCoverage="0" isConstructor="false" isStatic="false" isGetter="true" isSetter="false" crapScore="0">
              <Summary numSequencePoints="1" visitedSequencePoints="0" numBranchPoints="1" visitedBranchPoints="0" sequenceCoverage="0" branchCoverage="0" maxCyclomaticComplexity="1" minCyclomaticComplexity="1" visitedClasses="0" numClasses="0" visitedMethods="0" numMethods="1" minCrapScore="0" maxCrapScore="0" />
              <MetadataToken>100663379</MetadataToken>
              <Name>InputSimulatorStandard.IMouseSimulator InputSimulatorStandard.KeyboardSimulator::get_Mouse()</Name>
              <FileRef uid="3" />
              <SequencePoints>
                <SequencePoint vc="0" uspid="170" ordinal="0" offset="0" sl="51" sc="41" el="51" ec="66" bec="0" bev="0" fileid="3" />
              </SequencePoints>
              <BranchPoints />
              <MethodPoint />
            </Method>
            <Method visited="false" cyclomaticComplexity="4" nPathComplexity="4" sequenceCoverage="0" branchCoverage="0" isConstructor="false" isStatic="false" isGetter="false" isSetter="false" crapScore="0">
              <Summary numSequencePoints="9" visitedSequencePoints="0" numBranchPoints="5" visitedBranchPoints="0" sequenceCoverage="0" branchCoverage="0" maxCyclomaticComplexity="4" minCyclomaticComplexity="4" visitedClasses="0" numClasses="0" visitedMethods="0" numMethods="1" minCrapScore="0" maxCrapScore="0" />
              <MetadataToken>100663380</MetadataToken>
              <Name>System.Void InputSimulatorStandard.KeyboardSimulator::ModifiersDown(InputSimulatorStandard.InputBuilder,System.Collections.Generic.IEnumerable`1&lt;InputSimulatorStandard.Native.VirtualKeyCode&gt;)</Name>
              <FileRef uid="3" />
              <SequencePoints>
                <SequencePoint vc="0" uspid="179" ordinal="0" offset="0" sl="54" sc="9" el="54" ec="10" bec="0" bev="0" fileid="3" />
                <SequencePoint vc="0" uspid="178" ordinal="1" offset="1" sl="55" sc="13" el="55" ec="42" bec="2" bev="0" fileid="3" />
                <SequencePoint vc="0" uspid="177" ordinal="2" offset="9" sl="55" sc="43" el="55" ec="50" bec="0" bev="0" fileid="3" />
                <SequencePoint vc="0" uspid="176" ordinal="3" offset="11" sl="56" sc="13" el="56" ec="20" bec="0" bev="0" fileid="3" />
                <SequencePoint vc="0" uspid="175" ordinal="4" offset="12" sl="56" sc="33" el="56" ec="49" bec="0" bev="0" fileid="3" />
                <SequencePoint vc="0" uspid="174" ordinal="5" offset="21" sl="56" sc="22" el="56" ec="29" bec="0" bev="0" fileid="3" />
                <SequencePoint vc="0" uspid="173" ordinal="6" offset="28" sl="56" sc="51" el="56" ec="75" bec="0" bev="0" fileid="3" />
                <SequencePoint vc="0" uspid="172" ordinal="7" offset="36" sl="56" sc="30" el="56" ec="32" bec="2" bev="0" fileid="3" />
                <SequencePoint vc="0" uspid="171" ordinal="8" offset="57" sl="57" sc="9" el="57" ec="10" bec="0" bev="0" fileid="3" />
              </SequencePoints>
              <BranchPoints>
                <BranchPoint vc="0" uspid="46" ordinal="0" offset="7" sl="55" path="0" offsetchain="9" offsetend="57" fileid="3" />
                <BranchPoint vc="0" uspid="47" ordinal="1" offset="7" sl="55" path="1" offsetend="11" fileid="3" />
                <BranchPoint vc="0" uspid="48" ordinal="2" offset="42" sl="56" path="0" offsetend="44" fileid="3" />
                <BranchPoint vc="0" uspid="49" ordinal="3" offset="42" sl="56" path="1" offsetend="21" fileid="3" />
              </BranchPoints>
              <MethodPoint />
            </Method>
            <Method visited="false" cyclomaticComplexity="3" nPathComplexity="4" sequenceCoverage="0" branchCoverage="0" isConstructor="false" isStatic="false" isGetter="false" isSetter="false" crapScore="0">
              <Summary numSequencePoints="7" visitedSequencePoints="0" numBranchPoints="5" visitedBranchPoints="0" sequenceCoverage="0" branchCoverage="0" maxCyclomaticComplexity="3" minCyclomaticComplexity="3" visitedClasses="0" numClasses="0" visitedMethods="0" numMethods="1" minCrapScore="0" maxCrapScore="0" />
              <MetadataToken>100663381</MetadataToken>
              <Name>System.Void InputSimulatorStandard.KeyboardSimulator::ModifiersUp(InputSimulatorStandard.InputBuilder,System.Collections.Generic.IEnumerable`1&lt;InputSimulatorStandard.Native.VirtualKeyCode&gt;)</Name>
              <FileRef uid="3" />
              <SequencePoints>
                <SequencePoint vc="0" uspid="186" ordinal="0" offset="0" sl="60" sc="9" el="60" ec="10" bec="0" bev="0" fileid="3" />
                <SequencePoint vc="0" uspid="185" ordinal="1" offset="1" sl="61" sc="13" el="61" ec="42" bec="2" bev="0" fileid="3" />
                <SequencePoint vc="0" uspid="184" ordinal="2" offset="9" sl="61" sc="43" el="61" ec="50" bec="0" bev="0" fileid="3" />
                <SequencePoint vc="0" uspid="183" ordinal="3" offset="11" sl="64" sc="13" el="64" ec="69" bec="0" bev="0" fileid="3" />
                <SequencePoint vc="0" uspid="182" ordinal="4" offset="20" sl="65" sc="37" el="65" ec="67" bec="0" bev="0" fileid="3" />
                <SequencePoint vc="0" uspid="181" ordinal="5" offset="33" sl="65" sc="13" el="65" ec="36" bec="2" bev="0" fileid="3" />
                <SequencePoint vc="0" uspid="180" ordinal="6" offset="46" sl="66" sc="9" el="66" ec="10" bec="0" bev="0" fileid="3" />
              </SequencePoints>
              <BranchPoints>
                <BranchPoint vc="0" uspid="50" ordinal="0" offset="7" sl="61" path="0" offsetchain="9" offsetend="46" fileid="3" />
                <BranchPoint vc="0" uspid="51" ordinal="1" offset="7" sl="61" path="1" offsetend="11" fileid="3" />
                <BranchPoint vc="0" uspid="52" ordinal="2" offset="44" sl="65" path="0" offsetend="46" fileid="3" />
                <BranchPoint vc="0" uspid="53" ordinal="3" offset="44" sl="65" path="1" offsetend="20" fileid="3" />
              </BranchPoints>
              <MethodPoint />
            </Method>
            <Method visited="false" cyclomaticComplexity="4" nPathComplexity="4" sequenceCoverage="0" branchCoverage="0" isConstructor="false" isStatic="false" isGetter="false" isSetter="false" crapScore="0">
              <Summary numSequencePoints="11" visitedSequencePoints="0" numBranchPoints="5" visitedBranchPoints="0" sequenceCoverage="0" branchCoverage="0" maxCyclomaticComplexity="4" minCyclomaticComplexity="4" visitedClasses="0" numClasses="0" visitedMethods="0" numMethods="1" minCrapScore="0" maxCrapScore="0" />
              <MetadataToken>100663382</MetadataToken>
              <Name>System.Void InputSimulatorStandard.KeyboardSimulator::KeysPress(InputSimulatorStandard.InputBuilder,System.Collections.Generic.IEnumerable`1&lt;InputSimulatorStandard.Native.VirtualKeyCode&gt;)</Name>
              <FileRef uid="3" />
              <SequencePoints>
                <SequencePoint vc="0" uspid="197" ordinal="0" offset="0" sl="69" sc="9" el="69" ec="10" bec="0" bev="0" fileid="3" />
                <SequencePoint vc="0" uspid="196" ordinal="1" offset="1" sl="70" sc="13" el="70" ec="34" bec="2" bev="0" fileid="3" />
                <SequencePoint vc="0" uspid="195" ordinal="2" offset="9" sl="70" sc="35" el="70" ec="42" bec="0" bev="0" fileid="3" />
                <SequencePoint vc="0" uspid="194" ordinal="3" offset="11" sl="71" sc="13" el="71" ec="20" bec="0" bev="0" fileid="3" />
                <SequencePoint vc="0" uspid="193" ordinal="4" offset="12" sl="71" sc="33" el="71" ec="41" bec="0" bev="0" fileid="3" />
                <SequencePoint vc="0" uspid="192" ordinal="5" offset="21" sl="71" sc="22" el="71" ec="29" bec="0" bev="0" fileid="3" />
                <SequencePoint vc="0" uspid="191" ordinal="6" offset="28" sl="72" sc="13" el="72" ec="14" bec="0" bev="0" fileid="3" />
                <SequencePoint vc="0" uspid="190" ordinal="7" offset="29" sl="73" sc="17" el="73" ec="42" bec="0" bev="0" fileid="3" />
                <SequencePoint vc="0" uspid="189" ordinal="8" offset="37" sl="74" sc="13" el="74" ec="14" bec="0" bev="0" fileid="3" />
                <SequencePoint vc="0" uspid="188" ordinal="9" offset="38" sl="71" sc="30" el="71" ec="32" bec="2" bev="0" fileid="3" />
                <SequencePoint vc="0" uspid="187" ordinal="10" offset="59" sl="75" sc="9" el="75" ec="10" bec="0" bev="0" fileid="3" />
              </SequencePoints>
              <BranchPoints>
                <BranchPoint vc="0" uspid="54" ordinal="0" offset="7" sl="70" path="0" offsetchain="9" offsetend="59" fileid="3" />
                <BranchPoint vc="0" uspid="55" ordinal="1" offset="7" sl="70" path="1" offsetend="11" fileid="3" />
                <BranchPoint vc="0" uspid="56" ordinal="2" offset="44" sl="71" path="0" offsetend="46" fileid="3" />
                <BranchPoint vc="0" uspid="57" ordinal="3" offset="44" sl="71" path="1" offsetend="21" fileid="3" />
              </BranchPoints>
              <MethodPoint />
            </Method>
            <Method visited="false" cyclomaticComplexity="1" nPathComplexity="0" sequenceCoverage="0" branchCoverage="0" isConstructor="false" isStatic="false" isGetter="false" isSetter="false" crapScore="0">
              <Summary numSequencePoints="3" visitedSequencePoints="0" numBranchPoints="1" visitedBranchPoints="0" sequenceCoverage="0" branchCoverage="0" maxCyclomaticComplexity="1" minCyclomaticComplexity="1" visitedClasses="0" numClasses="0" visitedMethods="0" numMethods="1" minCrapScore="0" maxCrapScore="0" />
              <MetadataToken>100663383</MetadataToken>
              <Name>System.Void InputSimulatorStandard.KeyboardSimulator::SendSimulatedInput(InputSimulatorStandard.Native.Input[])</Name>
              <FileRef uid="3" />
              <SequencePoints>
                <SequencePoint vc="0" uspid="200" ordinal="0" offset="0" sl="82" sc="9" el="82" ec="10" bec="0" bev="0" fileid="3" />
                <SequencePoint vc="0" uspid="199" ordinal="1" offset="1" sl="83" sc="13" el="83" ec="61" bec="0" bev="0" fileid="3" />
                <SequencePoint vc="0" uspid="198" ordinal="2" offset="14" sl="84" sc="9" el="84" ec="10" bec="0" bev="0" fileid="3" />
              </SequencePoints>
              <BranchPoints />
              <MethodPoint />
            </Method>
            <Method visited="false" cyclomaticComplexity="1" nPathComplexity="0" sequenceCoverage="0" branchCoverage="0" isConstructor="false" isStatic="false" isGetter="false" isSetter="false" crapScore="0">
              <Summary numSequencePoints="5" visitedSequencePoints="0" numBranchPoints="1" visitedBranchPoints="0" sequenceCoverage="0" branchCoverage="0" maxCyclomaticComplexity="1" minCyclomaticComplexity="1" visitedClasses="0" numClasses="0" visitedMethods="0" numMethods="1" minCrapScore="0" maxCrapScore="0" />
              <MetadataToken>100663384</MetadataToken>
              <Name>InputSimulatorStandard.IKeyboardSimulator InputSimulatorStandard.KeyboardSimulator::KeyDown(InputSimulatorStandard.Native.VirtualKeyCode)</Name>
              <FileRef uid="3" />
              <SequencePoints>
                <SequencePoint vc="0" uspid="205" ordinal="0" offset="0" sl="92" sc="9" el="92" ec="10" bec="0" bev="0" fileid="3" />
                <SequencePoint vc="0" uspid="204" ordinal="1" offset="1" sl="93" sc="13" el="93" ec="78" bec="0" bev="0" fileid="3" />
                <SequencePoint vc="0" uspid="203" ordinal="2" offset="18" sl="94" sc="13" el="94" ec="48" bec="0" bev="0" fileid="3" />
                <SequencePoint vc="0" uspid="202" ordinal="3" offset="26" sl="95" sc="13" el="95" ec="25" bec="0" bev="0" fileid="3" />
                <SequencePoint vc="0" uspid="201" ordinal="4" offset="30" sl="96" sc="9" el="96" ec="10" bec="0" bev="0" fileid="3" />
              </SequencePoints>
              <BranchPoints />
              <MethodPoint />
            </Method>
            <Method visited="false" cyclomaticComplexity="1" nPathComplexity="0" sequenceCoverage="0" branchCoverage="0" isConstructor="false" isStatic="false" isGetter="false" isSetter="false" crapScore="0">
              <Summary numSequencePoints="5" visitedSequencePoints="0" numBranchPoints="1" visitedBranchPoints="0" sequenceCoverage="0" branchCoverage="0" maxCyclomaticComplexity="1" minCyclomaticComplexity="1" visitedClasses="0" numClasses="0" visitedMethods="0" numMethods="1" minCrapScore="0" maxCrapScore="0" />
              <MetadataToken>100663385</MetadataToken>
              <Name>InputSimulatorStandard.IKeyboardSimulator InputSimulatorStandard.KeyboardSimulator::KeyUp(InputSimulatorStandard.Native.VirtualKeyCode)</Name>
              <FileRef uid="3" />
              <SequencePoints>
                <SequencePoint vc="0" uspid="210" ordinal="0" offset="0" sl="104" sc="9" el="104" ec="10" bec="0" bev="0" fileid="3" />
                <SequencePoint vc="0" uspid="209" ordinal="1" offset="1" sl="105" sc="13" el="105" ec="76" bec="0" bev="0" fileid="3" />
                <SequencePoint vc="0" uspid="208" ordinal="2" offset="18" sl="106" sc="13" el="106" ec="48" bec="0" bev="0" fileid="3" />
                <SequencePoint vc="0" uspid="207" ordinal="3" offset="26" sl="107" sc="13" el="107" ec="25" bec="0" bev="0" fileid="3" />
                <SequencePoint vc="0" uspid="206" ordinal="4" offset="30" sl="108" sc="9" el="108" ec="10" bec="0" bev="0" fileid="3" />
              </SequencePoints>
              <BranchPoints />
              <MethodPoint />
            </Method>
            <Method visited="false" cyclomaticComplexity="1" nPathComplexity="0" sequenceCoverage="0" branchCoverage="0" isConstructor="false" isStatic="false" isGetter="false" isSetter="false" crapScore="0">
              <Summary numSequencePoints="5" visitedSequencePoints="0" numBranchPoints="1" visitedBranchPoints="0" sequenceCoverage="0" branchCoverage="0" maxCyclomaticComplexity="1" minCyclomaticComplexity="1" visitedClasses="0" numClasses="0" visitedMethods="0" numMethods="1" minCrapScore="0" maxCrapScore="0" />
              <MetadataToken>100663386</MetadataToken>
              <Name>InputSimulatorStandard.IKeyboardSimulator InputSimulatorStandard.KeyboardSimulator::KeyPress(InputSimulatorStandard.Native.VirtualKeyCode)</Name>
              <FileRef uid="3" />
              <SequencePoints>
                <SequencePoint vc="0" uspid="215" ordinal="0" offset="0" sl="116" sc="9" el="116" ec="10" bec="0" bev="0" fileid="3" />
                <SequencePoint vc="0" uspid="214" ordinal="1" offset="1" sl="117" sc="13" el="117" ec="79" bec="0" bev="0" fileid="3" />
                <SequencePoint vc="0" uspid="213" ordinal="2" offset="18" sl="118" sc="13" el="118" ec="48" bec="0" bev="0" fileid="3" />
                <SequencePoint vc="0" uspid="212" ordinal="3" offset="26" sl="119" sc="13" el="119" ec="25" bec="0" bev="0" fileid="3" />
                <SequencePoint vc="0" uspid="211" ordinal="4" offset="30" sl="120" sc="9" el="120" ec="10" bec="0" bev="0" fileid="3" />
              </SequencePoints>
              <BranchPoints />
              <MethodPoint />
            </Method>
            <Method visited="false" cyclomaticComplexity="1" nPathComplexity="0" sequenceCoverage="0" branchCoverage="0" isConstructor="false" isStatic="false" isGetter="false" isSetter="false" crapScore="0">
              <Summary numSequencePoints="6" visitedSequencePoints="0" numBranchPoints="1" visitedBranchPoints="0" sequenceCoverage="0" branchCoverage="0" maxCyclomaticComplexity="1" minCyclomaticComplexity="1" visitedClasses="0" numClasses="0" visitedMethods="0" numMethods="1" minCrapScore="0" maxCrapScore="0" />
              <MetadataToken>100663387</MetadataToken>
[...]
                <SequencePoint vc="0" uspid="389" ordinal="1" offset="1" sl="328" sc="13" el="328" ec="35" bec="0" bev="0" fileid="4" />
                <SequencePoint vc="0" uspid="388" ordinal="2" offset="8" sl="329" sc="13" el="329" ec="25" bec="0" bev="0" fileid="4" />
                <SequencePoint vc="0" uspid="387" ordinal="3" offset="12" sl="330" sc="9" el="330" ec="10" bec="0" bev="0" fileid="4" />
              </SequencePoints>
              <BranchPoints />
              <MethodPoint />
            </Method>
          </Methods>
        </Class>
        <Class>
          <Summary numSequencePoints="18" visitedSequencePoints="0" numBranchPoints="5" visitedBranchPoints="0" sequenceCoverage="0" branchCoverage="0" maxCyclomaticComplexity="1" minCyclomaticComplexity="1" visitedClasses="0" numClasses="1" visitedMethods="0" numMethods="5" minCrapScore="0" maxCrapScore="0" />
          <FullName>InputSimulatorStandard.WindowsInputDeviceStateAdapter</FullName>
          <Methods>
            <Method visited="false" cyclomaticComplexity="1" nPathComplexity="0" sequenceCoverage="0" branchCoverage="0" isConstructor="false" isStatic="false" isGetter="false" isSetter="false" crapScore="0">
              <Summary numSequencePoints="4" visitedSequencePoints="0" numBranchPoints="1" visitedBranchPoints="0" sequenceCoverage="0" branchCoverage="0" maxCyclomaticComplexity="1" minCyclomaticComplexity="1" visitedClasses="0" numClasses="0" visitedMethods="0" numMethods="1" minCrapScore="0" maxCrapScore="0" />
              <MetadataToken>100663425</MetadataToken>
              <Name>System.Boolean InputSimulatorStandard.WindowsInputDeviceStateAdapter::IsKeyDown(InputSimulatorStandard.Native.VirtualKeyCode)</Name>
              <FileRef uid="5" />
              <SequencePoints>
                <SequencePoint vc="0" uspid="394" ordinal="0" offset="0" sl="31" sc="9" el="31" ec="10" bec="0" bev="0" fileid="5" />
                <SequencePoint vc="0" uspid="393" ordinal="1" offset="1" sl="32" sc="13" el="32" ec="69" bec="0" bev="0" fileid="5" />
                <SequencePoint vc="0" uspid="392" ordinal="2" offset="9" sl="33" sc="13" el="33" ec="33" bec="0" bev="0" fileid="5" />
                <SequencePoint vc="0" uspid="391" ordinal="3" offset="16" sl="34" sc="9" el="34" ec="10" bec="0" bev="0" fileid="5" />
              </SequencePoints>
              <BranchPoints />
              <MethodPoint />
            </Method>
            <Method visited="false" cyclomaticComplexity="1" nPathComplexity="0" sequenceCoverage="0" branchCoverage="0" isConstructor="false" isStatic="false" isGetter="false" isSetter="false" crapScore="0">
              <Summary numSequencePoints="3" visitedSequencePoints="0" numBranchPoints="1" visitedBranchPoints="0" sequenceCoverage="0" branchCoverage="0" maxCyclomaticComplexity="1" minCyclomaticComplexity="1" visitedClasses="0" numClasses="0" visitedMethods="0" numMethods="1" minCrapScore="0" maxCrapScore="0" />
              <MetadataToken>100663426</MetadataToken>
              <Name>System.Boolean InputSimulatorStandard.WindowsInputDeviceStateAdapter::IsKeyUp(InputSimulatorStandard.Native.VirtualKeyCode)</Name>
              <FileRef uid="5" />
              <SequencePoints>
                <SequencePoint vc="0" uspid="397" ordinal="0" offset="0" sl="56" sc="9" el="56" ec="10" bec="0" bev="0" fileid="5" />
                <SequencePoint vc="0" uspid="396" ordinal="1" offset="1" sl="57" sc="13" el="57" ec="45" bec="0" bev="0" fileid="5" />
                <SequencePoint vc="0" uspid="395" ordinal="2" offset="14" sl="58" sc="9" el="58" ec="10" bec="0" bev="0" fileid="5" />
              </SequencePoints>
              <BranchPoints />
              <MethodPoint />
            </Method>
            <Method visited="false" cyclomaticComplexity="1" nPathComplexity="0" sequenceCoverage="0" branchCoverage="0" isConstructor="false" isStatic="false" isGetter="false" isSetter="false" crapScore="0">
              <Summary numSequencePoints="4" visitedSequencePoints="0" numBranchPoints="1" visitedBranchPoints="0" sequenceCoverage="0" branchCoverage="0" maxCyclomaticComplexity="1" minCyclomaticComplexity="1" visitedClasses="0" numClasses="0" visitedMethods="0" numMethods="1" minCrapScore="0" maxCrapScore="0" />
              <MetadataToken>100663427</MetadataToken>
              <Name>System.Boolean InputSimulatorStandard.WindowsInputDeviceStateAdapter::IsHardwareKeyDown(InputSimulatorStandard.Native.VirtualKeyCode)</Name>
              <FileRef uid="5" />
              <SequencePoints>
                <SequencePoint vc="0" uspid="401" ordinal="0" offset="0" sl="82" sc="9" el="82" ec="10" bec="0" bev="0" fileid="5" />
                <SequencePoint vc="0" uspid="400" ordinal="1" offset="1" sl="83" sc="13" el="83" ec="74" bec="0" bev="0" fileid="5" />
                <SequencePoint vc="0" uspid="399" ordinal="2" offset="9" sl="84" sc="13" el="84" ec="31" bec="0" bev="0" fileid="5" />
                <SequencePoint vc="0" uspid="398" ordinal="3" offset="16" sl="85" sc="9" el="85" ec="10" bec="0" bev="0" fileid="5" />
              </SequencePoints>
              <BranchPoints />
              <MethodPoint />
            </Method>
            <Method visited="false" cyclomaticComplexity="1" nPathComplexity="0" sequenceCoverage="0" branchCoverage="0" isConstructor="false" isStatic="false" isGetter="false" isSetter="false" crapScore="0">
              <Summary numSequencePoints="3" visitedSequencePoints="0" numBranchPoints="1" visitedBranchPoints="0" sequenceCoverage="0" branchCoverage="0" maxCyclomaticComplexity="1" minCyclomaticComplexity="1" visitedClasses="0" numClasses="0" visitedMethods="0" numMethods="1" minCrapScore="0" maxCrapScore="0" />
              <MetadataToken>100663428</MetadataToken>
              <Name>System.Boolean InputSimulatorStandard.WindowsInputDeviceStateAdapter::IsHardwareKeyUp(InputSimulatorStandard.Native.VirtualKeyCode)</Name>
              <FileRef uid="5" />
              <SequencePoints>
                <SequencePoint vc="0" uspid="404" ordinal="0" offset="0" sl="109" sc="9" el="109" ec="10" bec="0" bev="0" fileid="5" />
                <SequencePoint vc="0" uspid="403" ordinal="1" offset="1" sl="110" sc="13" el="110" ec="53" bec="0" bev="0" fileid="5" />
                <SequencePoint vc="0" uspid="402" ordinal="2" offset="14" sl="111" sc="9" el="111" ec="10" bec="0" bev="0" fileid="5" />
              </SequencePoints>
              <BranchPoints />
              <MethodPoint />
            </Method>
            <Method visited="false" cyclomaticComplexity="1" nPathComplexity="0" sequenceCoverage="0" branchCoverage="0" isConstructor="false" isStatic="false" isGetter="false" isSetter="false" crapScore="0">
              <Summary numSequencePoints="4" visitedSequencePoints="0" numBranchPoints="1" visitedBranchPoints="0" sequenceCoverage="0" branchCoverage="0" maxCyclomaticComplexity="1" minCyclomaticComplexity="1" visitedClasses="0" numClasses="0" visitedMethods="0" numMethods="1" minCrapScore="0" maxCrapScore="0" />
              <MetadataToken>100663429</MetadataToken>
              <Name>System.Boolean InputSimulatorStandard.WindowsInputDeviceStateAdapter::IsTogglingKeyInEffect(InputSimulatorStandard.Native.VirtualKeyCode)</Name>
              <FileRef uid="5" />
              <SequencePoints>
                <SequencePoint vc="0" uspid="408" ordinal="0" offset="0" sl="133" sc="9" el="133" ec="10" bec="0" bev="0" fileid="5" />
                <SequencePoint vc="0" uspid="407" ordinal="1" offset="1" sl="134" sc="13" el="134" ec="69" bec="0" bev="0" fileid="5" />
                <SequencePoint vc="0" uspid="406" ordinal="2" offset="9" sl="135" sc="13" el="135" ec="44" bec="0" bev="0" fileid="5" />
                <SequencePoint vc="0" uspid="405" ordinal="3" offset="18" sl="136" sc="9" el="136" ec="10" bec="0" bev="0" fileid="5" />
              </SequencePoints>
              <BranchPoints />
              <MethodPoint />
            </Method>
            <Method visited="false" cyclomaticComplexity="1" nPathComplexity="0" sequenceCoverage="0" branchCoverage="0" isConstructor="true" isStatic="false" isGetter="false" isSetter="false" crapScore="0">
              <Summary numSequencePoints="0" visitedSequencePoints="0" numBranchPoints="0" visitedBranchPoints="0" sequenceCoverage="0" branchCoverage="0" maxCyclomaticComplexity="1" minCyclomaticComplexity="1" visitedClasses="0" numClasses="0" visitedMethods="0" numMethods="0" minCrapScore="0" maxCrapScore="0" />
              <MetadataToken>100663430</MetadataToken>
              <Name>System.Void InputSimulatorStandard.WindowsInputDeviceStateAdapter::.ctor()</Name>
              <SequencePoints />
              <BranchPoints />
              <MethodPoint />
            </Method>
          </Methods>
        </Class>
        <Class>
          <Summary numSequencePoints="12" visitedSequencePoints="0" numBranchPoints="7" visitedBranchPoints="0" sequenceCoverage="0" branchCoverage="0" maxCyclomaticComplexity="4" minCyclomaticComplexity="1" visitedClasses="0" numClasses="1" visitedMethods="0" numMethods="1" minCrapScore="0" maxCrapScore="0" />
          <FullName>InputSimulatorStandard.WindowsInputMessageDispatcher</FullName>
          <Methods>
            <Method visited="false" cyclomaticComplexity="4" nPathComplexity="8" sequenceCoverage="0" branchCoverage="0" isConstructor="false" isStatic="false" isGetter="false" isSetter="false" crapScore="0">
              <Summary numSequencePoints="12" visitedSequencePoints="0" numBranchPoints="7" visitedBranchPoints="0" sequenceCoverage="0" branchCoverage="0" maxCyclomaticComplexity="4" minCyclomaticComplexity="4" visitedClasses="0" numClasses="0" visitedMethods="0" numMethods="1" minCrapScore="0" maxCrapScore="0" />
              <MetadataToken>100663431</MetadataToken>
              <Name>System.Void InputSimulatorStandard.WindowsInputMessageDispatcher::DispatchInput(InputSimulatorStandard.Native.Input[])</Name>
              <FileRef uid="6" />
              <SequencePoints>
                <SequencePoint vc="0" uspid="420" ordinal="0" offset="0" sl="23" sc="9" el="23" ec="10" bec="0" bev="0" fileid="6" />
                <SequencePoint vc="0" uspid="419" ordinal="1" offset="1" sl="24" sc="13" el="24" ec="32" bec="2" bev="0" fileid="6" />
                <SequencePoint vc="0" uspid="418" ordinal="2" offset="9" sl="25" sc="13" el="25" ec="14" bec="0" bev="0" fileid="6" />
                <SequencePoint vc="0" uspid="417" ordinal="3" offset="10" sl="26" sc="17" el="26" ec="65" bec="0" bev="0" fileid="6" />
                <SequencePoint vc="0" uspid="416" ordinal="4" offset="21" sl="29" sc="13" el="29" ec="36" bec="2" bev="0" fileid="6" />
                <SequencePoint vc="0" uspid="415" ordinal="5" offset="30" sl="30" sc="13" el="30" ec="14" bec="0" bev="0" fileid="6" />
                <SequencePoint vc="0" uspid="414" ordinal="6" offset="31" sl="31" sc="17" el="31" ec="90" bec="0" bev="0" fileid="6" />
                <SequencePoint vc="0" uspid="413" ordinal="7" offset="47" sl="34" sc="13" el="34" ec="115" bec="0" bev="0" fileid="6" />
                <SequencePoint vc="0" uspid="412" ordinal="8" offset="72" sl="35" sc="13" el="35" ec="45" bec="2" bev="0" fileid="6" />
                <SequencePoint vc="0" uspid="411" ordinal="9" offset="87" sl="36" sc="13" el="36" ec="14" bec="0" bev="0" fileid="6" />
                <SequencePoint vc="0" uspid="410" ordinal="10" offset="88" sl="37" sc="17" el="37" ec="476" bec="0" bev="0" fileid="6" />
                <SequencePoint vc="0" uspid="409" ordinal="11" offset="99" sl="39" sc="9" el="39" ec="10" bec="0" bev="0" fileid="6" />
              </SequencePoints>
              <BranchPoints>
                <BranchPoint vc="0" uspid="60" ordinal="0" offset="7" sl="24" path="0" offsetend="9" fileid="6" />
                <BranchPoint vc="0" uspid="61" ordinal="1" offset="7" sl="24" path="1" offsetend="21" fileid="6" />
                <BranchPoint vc="0" uspid="62" ordinal="2" offset="28" sl="29" path="0" offsetend="30" fileid="6" />
                <BranchPoint vc="0" uspid="63" ordinal="3" offset="28" sl="29" path="1" offsetend="47" fileid="6" />
                <BranchPoint vc="0" uspid="64" ordinal="4" offset="85" sl="35" path="0" offsetend="87" fileid="6" />
                <BranchPoint vc="0" uspid="65" ordinal="5" offset="85" sl="35" path="1" offsetend="99" fileid="6" />
              </BranchPoints>
              <MethodPoint />
            </Method>
            <Method visited="false" cyclomaticComplexity="1" nPathComplexity="0" sequenceCoverage="0" branchCoverage="0" isConstructor="true" isStatic="false" isGetter="false" isSetter="false" crapScore="0">
              <Summary numSequencePoints="0" visitedSequencePoints="0" numBranchPoints="0" visitedBranchPoints="0" sequenceCoverage="0" branchCoverage="0" maxCyclomaticComplexity="1" minCyclomaticComplexity="1" visitedClasses="0" numClasses="0" visitedMethods="0" numMethods="0" minCrapScore="0" maxCrapScore="0" />
              <MetadataToken>100663432</MetadataToken>
              <Name>System.Void InputSimulatorStandard.WindowsInputMessageDispatcher::.ctor()</Name>
              <SequencePoints />
              <BranchPoints />
              <MethodPoint />
            </Method>
          </Methods>
        </Class>
        <Class>
          <Summary numSequencePoints="0" visitedSequencePoints="0" numBranchPoints="0" visitedBranchPoints="0" sequenceCoverage="0" branchCoverage="0" maxCyclomaticComplexity="0" minCyclomaticComplexity="0" visitedClasses="0" numClasses="0" visitedMethods="0" numMethods="0" minCrapScore="0" maxCrapScore="0" />
          <FullName>InputSimulatorStandard.Native.HardwareInput</FullName>
          <Methods />
        </Class>
        <Class>
          <Summary numSequencePoints="0" visitedSequencePoints="0" numBranchPoints="0" visitedBranchPoints="0" sequenceCoverage="0" branchCoverage="0" maxCyclomaticComplexity="0" minCyclomaticComplexity="0" visitedClasses="0" numClasses="0" visitedMethods="0" numMethods="0" minCrapScore="0" maxCrapScore="0" />
          <FullName>InputSimulatorStandard.Native.Input</FullName>
          <Methods />
        </Class>
        <Class>
          <Summary numSequencePoints="0" visitedSequencePoints="0" numBranchPoints="0" visitedBranchPoints="0" sequenceCoverage="0" branchCoverage="0" maxCyclomaticComplexity="0" minCyclomaticComplexity="0" visitedClasses="0" numClasses="0" visitedMethods="0" numMethods="0" minCrapScore="0" maxCrapScore="0" />
          <FullName>InputSimulatorStandard.Native.InputType</FullName>
          <Methods />
        </Class>
        <Class>
          <Summary numSequencePoints="0" visitedSequencePoints="0" numBranchPoints="0" visitedBranchPoints="0" sequenceCoverage="0" branchCoverage="0" maxCyclomaticComplexity="0" minCyclomaticComplexity="0" visitedClasses="0" numClasses="0" visitedMethods="0" numMethods="0" minCrapScore="0" maxCrapScore="0" />
          <FullName>InputSimulatorStandard.Native.KeyboardFlag</FullName>
          <Methods />
        </Class>
        <Class>
          <Summary numSequencePoints="0" visitedSequencePoints="0" numBranchPoints="0" visitedBranchPoints="0" sequenceCoverage="0" branchCoverage="0" maxCyclomaticComplexity="0" minCyclomaticComplexity="0" visitedClasses="0" numClasses="0" visitedMethods="0" numMethods="0" minCrapScore="0" maxCrapScore="0" />
          <FullName>InputSimulatorStandard.Native.KeyboardInput</FullName>
          <Methods />
        </Class>
        <Class>
          <Summary numSequencePoints="0" visitedSequencePoints="0" numBranchPoints="0" visitedBranchPoints="0" sequenceCoverage="0" branchCoverage="0" maxCyclomaticComplexity="0" minCyclomaticComplexity="0" visitedClasses="0" numClasses="0" visitedMethods="0" numMethods="0" minCrapScore="0" maxCrapScore="0" />
          <FullName>InputSimulatorStandard.Native.MouseFlag</FullName>
          <Methods />
        </Class>
        <Class>
          <Summary numSequencePoints="0" visitedSequencePoints="0" numBranchPoints="0" visitedBranchPoints="0" sequenceCoverage="0" branchCoverage="0" maxCyclomaticComplexity="0" minCyclomaticComplexity="0" visitedClasses="0" numClasses="0" visitedMethods="0" numMethods="0" minCrapScore="0" maxCrapScore="0" />
          <FullName>InputSimulatorStandard.Native.MouseInput</FullName>
          <Methods />
        </Class>
        <Class>
          <Summary numSequencePoints="0" visitedSequencePoints="0" numBranchPoints="0" visitedBranchPoints="0" sequenceCoverage="0" branchCoverage="0" maxCyclomaticComplexity="0" minCyclomaticComplexity="0" visitedClasses="0" numClasses="0" visitedMethods="0" numMethods="0" minCrapScore="0" maxCrapScore="0" />
          <FullName>InputSimulatorStandard.Native.MouseKeyboardHardwareInput</FullName>
          <Methods />
        </Class>
        <Class>
          <Summary numSequencePoints="0" visitedSequencePoints="0" numBranchPoints="0" visitedBranchPoints="0" sequenceCoverage="0" branchCoverage="0" maxCyclomaticComplexity="0" minCyclomaticComplexity="0" visitedClasses="0" numClasses="0" visitedMethods="0" numMethods="0" minCrapScore="0" maxCrapScore="0" />
          <FullName>InputSimulatorStandard.Native.NativeMethods</FullName>
          <Methods />
        </Class>
        <Class>
          <Summary numSequencePoints="0" visitedSequencePoints="0" numBranchPoints="0" visitedBranchPoints="0" sequenceCoverage="0" branchCoverage="0" maxCyclomaticComplexity="0" minCyclomaticComplexity="0" visitedClasses="0" numClasses="0" visitedMethods="0" numMethods="0" minCrapScore="0" maxCrapScore="0" />
          <FullName>InputSimulatorStandard.Native.VirtualKeyCode</FullName>
          <Methods />
        </Class>
        <Class>
          <Summary numSequencePoints="0" visitedSequencePoints="0" numBranchPoints="0" visitedBranchPoints="0" sequenceCoverage="0" branchCoverage="0" maxCyclomaticComplexity="0" minCyclomaticComplexity="0" visitedClasses="0" numClasses="0" visitedMethods="0" numMethods="0" minCrapScore="0" maxCrapScore="0" />
          <FullName>InputSimulatorStandard.Native.XButton</FullName>
          <Methods />
        </Class>
      </Classes>
    </Module>
    <Module skippedDueTo="Filter" hash="65-92-B1-22-BB-B7-17-96-41-5C-52-0E-69-40-0F-A8-CC-FB-31-B2">
      <ModulePath>C:\Git2017\InputSimulatorStandard\InputSimulatorStandard.Tests\bin\Debug\net472\xunit.runner.visualstudio.testadapter.dll</ModulePath>
      <ModuleTime>2018-10-29T03:17:14Z</ModuleTime>
      <ModuleName>xunit.runner.visualstudio.testadapter</ModuleName>
      <Classes />
    </Module>
    <Module skippedDueTo="Filter" hash="12-3A-4B-A8-96-AD-20-A6-2C-67-63-0E-8A-76-4E-AC-77-3B-76-B3">
      <ModulePath>C:\Git2017\InputSimulatorStandard\InputSimulatorStandard.Tests\bin\Debug\net472\xunit.runner.reporters.net452.dll</ModulePath>
      <ModuleTime>2018-10-29T03:17:14Z</ModuleTime>
      <ModuleName>xunit.runner.reporters.net452</ModuleName>
      <Classes />
    </Module>
    <Module skippedDueTo="Filter" hash="1D-38-FA-64-8C-19-3B-5A-2F-20-D8-11-BB-40-9E-11-85-D9-1B-CD">
      <ModulePath>C:\Git2017\InputSimulatorStandard\InputSimulatorStandard.Tests\bin\Debug\net472\xunit.execution.desktop.dll</ModulePath>
      <ModuleTime>2018-10-29T03:17:00Z</ModuleTime>
      <ModuleName>xunit.execution.desktop</ModuleName>
      <Classes />
    </Module>
    <Module skippedDueTo="Filter" hash="6D-67-B6-4C-25-50-57-4A-C8-5C-CB-5A-DB-48-48-00-ED-35-2B-00">
      <ModulePath>C:\Git2017\InputSimulatorStandard\InputSimulatorStandard.Tests\bin\Debug\net472\InputSimulatorStandard.Tests.dll</ModulePath>
      <ModuleTime>2018-12-31T16:27:08.9774823Z</ModuleTime>
      <ModuleName>InputSimulatorStandard.Tests</ModuleName>
      <Classes />
    </Module>
  </Modules>
</CoverageSession>